1.4460 	WARNING 	We strongly recommend you activate the PTB sound engine in PsychoPy prefs as the preferred audio engine. Its timing is vastly superior. Your prefs are currently set to use ['sounddevice', 'PTB', 'pyo', 'pygame'] (in that order).
5.0969 	WARNING 	User requested fullscreen with size [1024  768], but screen is actually [2880, 1920]. Using actual size
6.7261 	EXP 	Created window1 = Window(allowGUI=True, allowStencil=False, autoLog=True, backendConf=UNKNOWN, bitsMode=UNKNOWN, blendMode='avg', bpc=(8, 8, 8), color=array([0, 0, 0]), colorSpace='rgb', depthBits=8, fullscr=<method-wrapper '__getattribute__' of attributeSetter object at 0x000001C9D91F7160>, gamma=None, gammaErrorPolicy='raise', lms=UNKNOWN, monitor=<psychopy.monitors.calibTools.Monitor object at 0x000001C9DE817640>, multiSample=False, name='window1', numSamples=2, pos=(0, 0), screen=0, size=array([2880, 1920]), stencilBits=0, stereo=False, units='height', useFBO=True, useRetina=False, viewOri=0.0, viewPos=None, viewScale=None, waitBlanking=True, winType='pyglet')
6.7262 	EXP 	window1: mouseVisible = True
6.7264 	EXP 	window1: mouseVisible = False
6.7264 	EXP 	window1: Attempting to measure frame rate of screen (0) ...
6.7265 	EXP 	window1: recordFrameIntervals = False
6.8917 	EXP 	window1: recordFrameIntervals = True
7.0761 	EXP 	Screen (0) actual frame rate measured at 59.94Hz
7.0762 	EXP 	window1: recordFrameIntervals = False
9.0210 	EXP 	Created text = TextStim(__class__=<class 'psychopy.visual.text.TextStim'>, alignHoriz=method-wrapper(...), alignText='center', alignVert=method-wrapper(...), anchorHoriz='center', anchorVert='center', antialias=True, autoDraw=False, autoLog=True, bold=False, color=array([1, 1, 1]), colorSpace='rgb', contrast=1.0, depth=0.0, flipHoriz=False, flipVert=False, font='Open Sans', fontFiles=[], height=0.05, italic=False, languageStyle='LTR', name='text', opacity=1.0, ori=0.0, pos=array([0., 0.]), rgb=UNKNOWN, text='Welcome to the SEAL Landmark Traversal Task', units='height', win=Window(...), wrapWidth=1)
9.0378 	EXP 	Created text_2 = TextStim(__class__=<class 'psychopy.visual.text.TextStim'>, alignHoriz=method-wrapper(...), alignText='center', alignVert=method-wrapper(...), anchorHoriz='center', anchorVert='center', antialias=True, autoDraw=False, autoLog=True, bold=False, color=array([1, 1, 1]), colorSpace='rgb', contrast=1.0, depth=0.0, flipHoriz=False, flipVert=False, font='Open Sans', fontFiles=[], height=0.05, italic=False, languageStyle='LTR', name='text_2', opacity=1.0, ori=0.0, pos=array([0.  , 0.15]), rgb=UNKNOWN, text=str(...), units='height', win=Window(...), wrapWidth=1)
9.0999 	EXP 	window1: mouseVisible = True
9.1119 	EXP 	Created Landmark = ImageStim(__class__=<class 'psychopy.visual.image.ImageStim'>, anchor=('center', 'center'), autoLog=True, color=array([1, 1, 1]), colorSpace='rgb', contrast=1.0, depth=0.0, flipHoriz=False, flipVert=False, image='sin', interpolate=True, mask=None, maskParams=None, name='Landmark', opacity=1.0, ori=0.0, pos=array([0., 0.]), size=array([0.5, 0.5]), texRes=128.0, units='height', win=Window(...))
9.1171 	EXP 	Created text_4 = TextStim(__class__=<class 'psychopy.visual.text.TextStim'>, alignHoriz=method-wrapper(...), alignText='center', alignVert=method-wrapper(...), anchorHoriz='center', anchorVert='center', antialias=True, autoDraw=False, autoLog=True, bold=False, color=array([1, 1, 1]), colorSpace='rgb', contrast=1.0, depth=-1.0, flipHoriz=False, flipVert=False, font='Open Sans', fontFiles=[], height=0.05, italic=False, languageStyle='LTR', name='text_4', opacity=1.0, ori=0.0, pos=array([0.  , 0.35]), rgb=UNKNOWN, text='Please find this object\n\n', units='height', win=Window(...), wrapWidth=1)
9.1362 	EXP 	window1: mouseVisible = True
9.1555 	EXP 	window1: mouseVisible = True
9.1561 	EXP 	Created text_3 = TextStim(__class__=<class 'psychopy.visual.text.TextStim'>, alignHoriz=method-wrapper(...), alignText='center', alignVert=method-wrapper(...), anchorHoriz='center', anchorVert='center', antialias=True, autoDraw=False, autoLog=True, bold=False, color=array([1, 1, 1]), colorSpace='rgb', contrast=1.0, depth=0.0, flipHoriz=False, flipVert=False, font='Open Sans', fontFiles=[], height=0.05, italic=False, languageStyle='LTR', name='text_3', opacity=1.0, ori=0.0, pos=array([0., 0.]), rgb=UNKNOWN, text='', units='height', win=Window(...), wrapWidth=1)
9.1666 	EXP 	text: autoDraw = True
12.1752 	EXP 	text: autoDraw = False
12.1752 	EXP 	text_2: autoDraw = True
17.3148 	DATA 	Mouse: Left button down, pos=(1456,602)
17.3653 	EXP 	Imported LandmarkTrav_Stimuli.xlsx as conditions, 12 conditions, 1 params
17.3658 	EXP 	Created sequence: sequential, trialTypes=12, nReps=1, seed=None
17.3660 	EXP 	New trial (rep=0, index=0): {'image': 'TravImages/Landmark1_book.jpeg'}
17.9801 	DATA 	Mouse:  Left button up, pos=(1456,602)
17.9805 	DATA 	Mouse: Left button down, pos=(1456,602)
17.9810 	DATA 	Mouse:  Left button up, pos=(1456,602)
18.1487 	EXP 	text_2: autoDraw = False
18.1487 	EXP 	Landmark: image = 'TravImages/Landmark1_book.jpeg'
18.1487 	EXP 	Landmark: autoDraw = True
18.1487 	EXP 	text_4: autoDraw = True
22.4950 	DATA 	Mouse: Left button down, pos=(1204,303)
22.4972 	EXP 	New trial (rep=0, index=1): {'image': 'TravImages/Landmark2_painting.jpeg'}
23.0670 	DATA 	Mouse:  Left button up, pos=(1204,303)
23.0672 	DATA 	Mouse: Left button down, pos=(1204,303)
23.0675 	DATA 	Mouse:  Left button up, pos=(1204,303)
23.1933 	EXP 	Landmark: autoDraw = False
23.1933 	EXP 	text_4: autoDraw = False
23.1933 	EXP 	Landmark: image = 'TravImages/Landmark2_painting.jpeg'
23.1933 	EXP 	Landmark: autoDraw = True
23.1933 	EXP 	text_4: autoDraw = True
23.6949 	DATA 	Mouse: Left button down, pos=(1204,303)
23.6970 	EXP 	New trial (rep=0, index=2): {'image': 'TravImages/Landmark3_WaterFountain.jpeg'}
24.0403 	DATA 	Mouse:  Left button up, pos=(1204,303)
24.0405 	DATA 	Mouse: Left button down, pos=(1204,303)
24.0632 	EXP 	Landmark: autoDraw = False
24.0632 	EXP 	text_4: autoDraw = False
24.0632 	EXP 	Landmark: image = 'TravImages/Landmark3_WaterFountain.jpeg'
24.0632 	EXP 	Landmark: autoDraw = True
24.0632 	EXP 	text_4: autoDraw = True
24.0799 	DATA 	Mouse:  Left button up, pos=(1204,303)
24.4831 	DATA 	Mouse: Left button down, pos=(1204,303)
24.4966 	EXP 	New trial (rep=0, index=3): {'image': 'TravImages/Landmark4_vase.jpeg'}
24.8656 	DATA 	Mouse:  Left button up, pos=(1204,303)
24.8660 	DATA 	Mouse: Left button down, pos=(1204,303)
24.8859 	EXP 	Landmark: autoDraw = False
24.8859 	EXP 	text_4: autoDraw = False
24.8859 	EXP 	Landmark: image = 'TravImages/Landmark4_vase.jpeg'
24.8859 	EXP 	Landmark: autoDraw = True
24.8859 	EXP 	text_4: autoDraw = True
24.8865 	DATA 	Mouse:  Left button up, pos=(1204,303)
25.1866 	DATA 	Mouse: Left button down, pos=(1204,303)
25.1979 	EXP 	New trial (rep=0, index=4): {'image': 'TravImages/Landmark5_painting.jpeg'}
25.5893 	DATA 	Mouse:  Left button up, pos=(1204,303)
25.5896 	DATA 	Mouse: Left button down, pos=(1204,303)
25.5901 	DATA 	Mouse:  Left button up, pos=(1204,303)
25.6103 	EXP 	Landmark: autoDraw = False
25.6103 	EXP 	text_4: autoDraw = False
25.6103 	EXP 	Landmark: image = 'TravImages/Landmark5_painting.jpeg'
25.6103 	EXP 	Landmark: autoDraw = True
25.6103 	EXP 	text_4: autoDraw = True
25.9881 	DATA 	Mouse: Left button down, pos=(1204,303)
25.9998 	EXP 	New trial (rep=0, index=5): {'image': 'TravImages/Landmark6_map.jpeg'}
26.4190 	DATA 	Mouse:  Left button up, pos=(1204,303)
26.4194 	DATA 	Mouse: Left button down, pos=(1204,303)
26.4196 	DATA 	Mouse:  Left button up, pos=(1204,303)
26.5469 	EXP 	Landmark: autoDraw = False
26.5469 	EXP 	text_4: autoDraw = False
26.5469 	EXP 	Landmark: image = 'TravImages/Landmark6_map.jpeg'
26.5469 	EXP 	Landmark: autoDraw = True
26.5469 	EXP 	text_4: autoDraw = True
26.8617 	DATA 	Mouse: Left button down, pos=(1204,303)
26.8634 	EXP 	New trial (rep=0, index=6): {'image': 'TravImages/Landmark7_painting.jpeg'}
27.2578 	DATA 	Mouse:  Left button up, pos=(1204,303)
27.2582 	DATA 	Mouse: Left button down, pos=(1204,303)
27.3803 	EXP 	Landmark: autoDraw = False
27.3803 	EXP 	text_4: autoDraw = False
27.3803 	EXP 	Landmark: image = 'TravImages/Landmark7_painting.jpeg'
27.3803 	EXP 	Landmark: autoDraw = True
27.3803 	EXP 	text_4: autoDraw = True
27.3810 	DATA 	Mouse:  Left button up, pos=(1204,303)
28.1281 	DATA 	Mouse: Left button down, pos=(1664,191)
28.1298 	EXP 	New trial (rep=0, index=7): {'image': 'TravImages/Landmark8_painting.jpeg'}
28.5623 	DATA 	Mouse:  Left button up, pos=(1664,191)
28.5626 	DATA 	Mouse: Left button down, pos=(1664,191)
28.6859 	EXP 	Landmark: autoDraw = False
28.6859 	EXP 	text_4: autoDraw = False
28.6859 	EXP 	Landmark: image = 'TravImages/Landmark8_painting.jpeg'
28.6859 	EXP 	Landmark: autoDraw = True
28.6859 	EXP 	text_4: autoDraw = True
28.6882 	DATA 	Mouse:  Left button up, pos=(1664,191)
28.8524 	DATA 	Mouse: Left button down, pos=(1664,191)
28.8644 	EXP 	New trial (rep=0, index=8): {'image': 'TravImages/Landmark9_painting.jpeg'}
29.2464 	DATA 	Mouse:  Left button up, pos=(1664,191)
29.2467 	DATA 	Mouse: Left button down, pos=(1664,191)
29.2681 	EXP 	Landmark: autoDraw = False
29.2681 	EXP 	text_4: autoDraw = False
29.2681 	EXP 	Landmark: image = 'TravImages/Landmark9_painting.jpeg'
29.2681 	EXP 	Landmark: autoDraw = True
29.2681 	EXP 	text_4: autoDraw = True
29.2822 	DATA 	Mouse:  Left button up, pos=(1664,191)
29.5540 	DATA 	Mouse: Left button down, pos=(1664,191)
29.5652 	EXP 	New trial (rep=0, index=9): {'image': 'TravImages/Landmark10_statue.jpeg'}
29.9792 	DATA 	Mouse:  Left button up, pos=(1664,191)
29.9795 	DATA 	Mouse: Left button down, pos=(1664,191)
29.9796 	DATA 	Mouse:  Left button up, pos=(1664,191)
30.1050 	EXP 	Landmark: autoDraw = False
30.1050 	EXP 	text_4: autoDraw = False
30.1050 	EXP 	Landmark: image = 'TravImages/Landmark10_statue.jpeg'
30.1050 	EXP 	Landmark: autoDraw = True
30.1050 	EXP 	text_4: autoDraw = True
31.1281 	DATA 	Mouse: Left button down, pos=(1154,180)
31.1296 	EXP 	New trial (rep=0, index=10): {'image': 'TravImages/Landmark11_painting.jpeg'}
31.4577 	DATA 	Mouse:  Left button up, pos=(1154,180)
31.4579 	DATA 	Mouse: Left button down, pos=(1154,180)
31.4849 	EXP 	Landmark: autoDraw = False
31.4849 	EXP 	text_4: autoDraw = False
31.4849 	EXP 	Landmark: image = 'TravImages/Landmark11_painting.jpeg'
31.4849 	EXP 	Landmark: autoDraw = True
31.4849 	EXP 	text_4: autoDraw = True
31.6685 	DATA 	Mouse:  Left button up, pos=(1154,180)
32.5285 	DATA 	Mouse: Left button down, pos=(1684,114)
32.5305 	EXP 	New trial (rep=0, index=11): {'image': 'TravImages/Landmark12_statue.jpeg'}
32.9507 	DATA 	Mouse:  Left button up, pos=(1684,114)
32.9510 	DATA 	Mouse: Left button down, pos=(1684,114)
32.9512 	DATA 	Mouse:  Left button up, pos=(1684,114)
33.0797 	EXP 	Landmark: autoDraw = False
33.0797 	EXP 	text_4: autoDraw = False
33.0797 	EXP 	Landmark: image = 'TravImages/Landmark12_statue.jpeg'
33.0797 	EXP 	Landmark: autoDraw = True
33.0797 	EXP 	text_4: autoDraw = True
33.9450 	DATA 	Mouse: Left button down, pos=(1207,169)
33.9608 	EXP 	Landmark: autoDraw = False
33.9608 	EXP 	text_4: autoDraw = False
33.9608 	EXP 	text_3: height = 0.05
33.9608 	EXP 	text_3: height = 0.05
33.9608 	EXP 	text_3: height = 0.05
33.9608 	EXP 	text_3: text = 'Thank you for participating in the SEAL Landmark Traversal Task'
33.9608 	EXP 	text_3: autoDraw = True
34.0461 	DATA 	Mouse:  Left button up, pos=(1207,169)
34.1269 	DATA 	Mouse: Left button down, pos=(1207,169)
34.3461 	DATA 	Mouse:  Left button up, pos=(1207,169)
36.9753 	EXP 	text_3: autoDraw = False
37.1620 	EXP 	window1: mouseVisible = True
