1.4751 	WARNING 	We strongly recommend you activate the PTB sound engine in PsychoPy prefs as the preferred audio engine. Its timing is vastly superior. Your prefs are currently set to use ['sounddevice', 'PTB', 'pyo', 'pygame'] (in that order).
4.6429 	WARNING 	User requested fullscreen with size [1024  768], but screen is actually [2880, 1920]. Using actual size
6.1409 	EXP 	Created window1 = Window(allowGUI=True, allowStencil=False, autoLog=True, backendConf=UNKNOWN, bitsMode=UNKNOWN, blendMode='avg', bpc=(8, 8, 8), color=array([0, 0, 0]), colorSpace='rgb', depthBits=8, fullscr=<method-wrapper '__getattribute__' of attributeSetter object at 0x0000020BAD5A7100>, gamma=None, gammaErrorPolicy='raise', lms=UNKNOWN, monitor=<psychopy.monitors.calibTools.Monitor object at 0x0000020BAF57D670>, multiSample=False, name='window1', numSamples=2, pos=(0, 0), screen=0, size=array([2880, 1920]), stencilBits=0, stereo=False, units='height', useFBO=True, useRetina=False, viewOri=0.0, viewPos=None, viewScale=None, waitBlanking=True, winType='pyglet')
6.1410 	EXP 	window1: mouseVisible = True
6.1411 	EXP 	window1: mouseVisible = False
6.1411 	EXP 	window1: Attempting to measure frame rate of screen (0) ...
6.1411 	EXP 	window1: recordFrameIntervals = False
6.3069 	EXP 	window1: recordFrameIntervals = True
6.4903 	EXP 	Screen (0) actual frame rate measured at 60.01Hz
6.4904 	EXP 	window1: recordFrameIntervals = False
8.1936 	EXP 	Created text = TextStim(__class__=<class 'psychopy.visual.text.TextStim'>, alignHoriz=method-wrapper(...), alignText='center', alignVert=method-wrapper(...), anchorHoriz='center', anchorVert='center', antialias=True, autoDraw=False, autoLog=True, bold=False, color=array([1, 1, 1]), colorSpace='rgb', contrast=1.0, depth=0.0, flipHoriz=False, flipVert=False, font='Open Sans', fontFiles=[], height=0.05, italic=False, languageStyle='LTR', name='text', opacity=1.0, ori=0.0, pos=array([0., 0.]), rgb=UNKNOWN, text='Welcome to the SEAL Landmark Traversal Task', units='height', win=Window(...), wrapWidth=1)
8.2051 	EXP 	Created text_2 = TextStim(__class__=<class 'psychopy.visual.text.TextStim'>, alignHoriz=method-wrapper(...), alignText='center', alignVert=method-wrapper(...), anchorHoriz='center', anchorVert='center', antialias=True, autoDraw=False, autoLog=True, bold=False, color=array([1, 1, 1]), colorSpace='rgb', contrast=1.0, depth=0.0, flipHoriz=False, flipVert=False, font='Open Sans', fontFiles=[], height=0.05, italic=False, languageStyle='LTR', name='text_2', opacity=1.0, ori=0.0, pos=array([0.  , 0.15]), rgb=UNKNOWN, text=str(...), units='height', win=Window(...), wrapWidth=1)
8.2674 	EXP 	window1: mouseVisible = True
8.2826 	EXP 	Created Landmark = ImageStim(__class__=<class 'psychopy.visual.image.ImageStim'>, anchor=('center', 'center'), autoLog=True, color=array([1, 1, 1]), colorSpace='rgb', contrast=1.0, depth=0.0, flipHoriz=False, flipVert=False, image='sin', interpolate=True, mask=None, maskParams=None, name='Landmark', opacity=1.0, ori=0.0, pos=array([0., 0.]), size=array([0.5, 0.5]), texRes=128.0, units='height', win=Window(...))
8.2871 	EXP 	Created text_4 = TextStim(__class__=<class 'psychopy.visual.text.TextStim'>, alignHoriz=method-wrapper(...), alignText='center', alignVert=method-wrapper(...), anchorHoriz='center', anchorVert='center', antialias=True, autoDraw=False, autoLog=True, bold=False, color=array([1, 1, 1]), colorSpace='rgb', contrast=1.0, depth=-1.0, flipHoriz=False, flipVert=False, font='Open Sans', fontFiles=[], height=0.05, italic=False, languageStyle='LTR', name='text_4', opacity=1.0, ori=0.0, pos=array([0.  , 0.35]), rgb=UNKNOWN, text='Please find this object\n\n', units='height', win=Window(...), wrapWidth=1)
8.3038 	EXP 	window1: mouseVisible = True
8.3204 	EXP 	window1: mouseVisible = True
8.3210 	EXP 	Created text_3 = TextStim(__class__=<class 'psychopy.visual.text.TextStim'>, alignHoriz=method-wrapper(...), alignText='center', alignVert=method-wrapper(...), anchorHoriz='center', anchorVert='center', antialias=True, autoDraw=False, autoLog=True, bold=False, color=array([1, 1, 1]), colorSpace='rgb', contrast=1.0, depth=0.0, flipHoriz=False, flipVert=False, font='Open Sans', fontFiles=[], height=0.05, italic=False, languageStyle='LTR', name='text_3', opacity=1.0, ori=0.0, pos=array([0., 0.]), rgb=UNKNOWN, text='', units='height', win=Window(...), wrapWidth=1)
8.3315 	EXP 	text: autoDraw = True
11.3404 	EXP 	text: autoDraw = False
11.3404 	EXP 	text_2: autoDraw = True
14.5303 	DATA 	Mouse: Left button down, pos=(1381,702)
14.5304 	DATA 	Mouse:  Left button up, pos=(1381,702)
14.6243 	DATA 	Mouse: Left button down, pos=(1381,702)
14.6447 	EXP 	Imported LandmarkTrav_Stimuli.xlsx as conditions, 12 conditions, 1 params
14.6460 	EXP 	Created sequence: sequential, trialTypes=12, nReps=1, seed=None
14.6462 	EXP 	New trial (rep=0, index=0): {'image': 'TravImages/Landmark1_book.jpeg'}
15.0054 	DATA 	Mouse:  Left button up, pos=(1359,697)
15.0873 	EXP 	text_2: autoDraw = False
15.0873 	EXP 	Landmark: image = 'TravImages/Landmark1_book.jpeg'
15.0873 	EXP 	Landmark: autoDraw = True
15.0873 	EXP 	text_4: autoDraw = True
16.8312 	DATA 	Mouse: Left button down, pos=(1199,211)
16.8400 	EXP 	New trial (rep=0, index=1): {'image': 'TravImages/Landmark2_painting.jpeg'}
17.1705 	DATA 	Mouse:  Left button up, pos=(1144,220)
17.1897 	DATA 	Mouse: Left button down, pos=(1104,215)
17.1898 	DATA 	Mouse:  Left button up, pos=(1104,215)
17.3221 	EXP 	Landmark: autoDraw = False
17.3221 	EXP 	text_4: autoDraw = False
17.3221 	EXP 	Landmark: image = 'TravImages/Landmark2_painting.jpeg'
17.3221 	EXP 	Landmark: autoDraw = True
17.3221 	EXP 	text_4: autoDraw = True
17.9577 	DATA 	Mouse: Left button down, pos=(1141,232)
17.9582 	DATA 	Mouse:  Left button up, pos=(1141,232)
18.0634 	DATA 	Mouse: Left button down, pos=(1141,232)
18.0646 	EXP 	New trial (rep=0, index=2): {'image': 'TravImages/Landmark3_WaterFountain.jpeg'}
18.3516 	DATA 	Mouse:  Left button up, pos=(1141,223)
18.3738 	EXP 	Landmark: autoDraw = False
18.3738 	EXP 	text_4: autoDraw = False
18.3738 	EXP 	Landmark: image = 'TravImages/Landmark3_WaterFountain.jpeg'
18.3738 	EXP 	Landmark: autoDraw = True
18.3738 	EXP 	text_4: autoDraw = True
19.1488 	DATA 	Mouse: Left button down, pos=(1741,204)
19.1489 	DATA 	Mouse:  Left button up, pos=(1741,204)
19.2811 	DATA 	Mouse: Left button down, pos=(1741,204)
19.2823 	EXP 	New trial (rep=0, index=3): {'image': 'TravImages/Landmark4_vase.jpeg'}
19.5719 	DATA 	Mouse:  Left button up, pos=(1726,236)
19.5921 	EXP 	Landmark: autoDraw = False
19.5921 	EXP 	text_4: autoDraw = False
19.5921 	EXP 	Landmark: image = 'TravImages/Landmark4_vase.jpeg'
19.5921 	EXP 	Landmark: autoDraw = True
19.5921 	EXP 	text_4: autoDraw = True
20.1144 	DATA 	Mouse: Left button down, pos=(1698,206)
20.1146 	DATA 	Mouse:  Left button up, pos=(1698,206)
20.2621 	DATA 	Mouse: Left button down, pos=(1698,206)
20.2632 	EXP 	New trial (rep=0, index=4): {'image': 'TravImages/Landmark5_painting.jpeg'}
20.5642 	DATA 	Mouse:  Left button up, pos=(1679,198)
20.5829 	EXP 	Landmark: autoDraw = False
20.5829 	EXP 	text_4: autoDraw = False
20.5829 	EXP 	Landmark: image = 'TravImages/Landmark5_painting.jpeg'
20.5829 	EXP 	Landmark: autoDraw = True
20.5829 	EXP 	text_4: autoDraw = True
21.1846 	DATA 	Mouse: Left button down, pos=(1700,180)
21.1849 	DATA 	Mouse:  Left button up, pos=(1700,180)
21.3322 	DATA 	Mouse: Left button down, pos=(1700,180)
21.3447 	EXP 	New trial (rep=0, index=5): {'image': 'TravImages/Landmark6_map.jpeg'}
21.6634 	DATA 	Mouse:  Left button up, pos=(1705,161)
21.7985 	EXP 	Landmark: autoDraw = False
21.7985 	EXP 	text_4: autoDraw = False
21.7985 	EXP 	Landmark: image = 'TravImages/Landmark6_map.jpeg'
21.7985 	EXP 	Landmark: autoDraw = True
21.7985 	EXP 	text_4: autoDraw = True
22.3070 	DATA 	Mouse: Left button down, pos=(1696,200)
22.3071 	DATA 	Mouse:  Left button up, pos=(1696,200)
22.4459 	DATA 	Mouse: Left button down, pos=(1696,200)
22.4471 	EXP 	New trial (rep=0, index=6): {'image': 'TravImages/Landmark7_painting.jpeg'}
22.7540 	DATA 	Mouse:  Left button up, pos=(1689,176)
22.8825 	EXP 	Landmark: autoDraw = False
22.8825 	EXP 	text_4: autoDraw = False
22.8825 	EXP 	Landmark: image = 'TravImages/Landmark7_painting.jpeg'
22.8825 	EXP 	Landmark: autoDraw = True
22.8825 	EXP 	text_4: autoDraw = True
23.1818 	DATA 	Mouse: Left button down, pos=(1706,137)
23.1820 	DATA 	Mouse:  Left button up, pos=(1706,137)
23.3126 	DATA 	Mouse: Left button down, pos=(1706,137)
23.3140 	EXP 	New trial (rep=0, index=7): {'image': 'TravImages/Landmark8_painting.jpeg'}
23.6574 	DATA 	Mouse:  Left button up, pos=(1705,126)
23.7205 	EXP 	Landmark: autoDraw = False
23.7205 	EXP 	text_4: autoDraw = False
23.7205 	EXP 	Landmark: image = 'TravImages/Landmark8_painting.jpeg'
23.7205 	EXP 	Landmark: autoDraw = True
23.7205 	EXP 	text_4: autoDraw = True
24.0567 	DATA 	Mouse: Left button down, pos=(1719,126)
24.0568 	DATA 	Mouse:  Left button up, pos=(1719,126)
24.1428 	DATA 	Mouse: Left button down, pos=(1719,126)
24.1441 	EXP 	New trial (rep=0, index=8): {'image': 'TravImages/Landmark9_painting.jpeg'}
24.4422 	DATA 	Mouse:  Left button up, pos=(1715,142)
24.4592 	EXP 	Landmark: autoDraw = False
24.4592 	EXP 	text_4: autoDraw = False
24.4592 	EXP 	Landmark: image = 'TravImages/Landmark9_painting.jpeg'
24.4592 	EXP 	Landmark: autoDraw = True
24.4592 	EXP 	text_4: autoDraw = True
24.8242 	DATA 	Mouse: Left button down, pos=(1732,106)
24.8243 	DATA 	Mouse:  Left button up, pos=(1732,106)
24.9319 	DATA 	Mouse: Left button down, pos=(1732,106)
24.9445 	EXP 	New trial (rep=0, index=9): {'image': 'TravImages/Landmark10_statue.jpeg'}
25.2372 	DATA 	Mouse:  Left button up, pos=(1732,123)
25.3721 	EXP 	Landmark: autoDraw = False
25.3721 	EXP 	text_4: autoDraw = False
25.3721 	EXP 	Landmark: image = 'TravImages/Landmark10_statue.jpeg'
25.3721 	EXP 	Landmark: autoDraw = True
25.3721 	EXP 	text_4: autoDraw = True
25.7801 	DATA 	Mouse: Left button down, pos=(1691,191)
25.7802 	DATA 	Mouse:  Left button up, pos=(1691,191)
25.9121 	DATA 	Mouse: Left button down, pos=(1691,191)
25.9135 	EXP 	New trial (rep=0, index=10): {'image': 'TravImages/Landmark11_painting.jpeg'}
26.2010 	DATA 	Mouse:  Left button up, pos=(1677,222)
26.2279 	EXP 	Landmark: autoDraw = False
26.2279 	EXP 	text_4: autoDraw = False
26.2279 	EXP 	Landmark: image = 'TravImages/Landmark11_painting.jpeg'
26.2279 	EXP 	Landmark: autoDraw = True
26.2279 	EXP 	text_4: autoDraw = True
26.8023 	DATA 	Mouse: Left button down, pos=(1700,156)
26.8024 	DATA 	Mouse:  Left button up, pos=(1700,156)
26.9464 	DATA 	Mouse: Left button down, pos=(1700,156)
26.9476 	EXP 	New trial (rep=0, index=11): {'image': 'TravImages/Landmark12_statue.jpeg'}
27.2733 	DATA 	Mouse:  Left button up, pos=(1701,153)
27.4127 	EXP 	Landmark: autoDraw = False
27.4127 	EXP 	text_4: autoDraw = False
27.4127 	EXP 	Landmark: image = 'TravImages/Landmark12_statue.jpeg'
27.4127 	EXP 	Landmark: autoDraw = True
27.4127 	EXP 	text_4: autoDraw = True
27.8780 	DATA 	Mouse: Left button down, pos=(1139,249)
27.8782 	DATA 	Mouse:  Left button up, pos=(1139,249)
27.9646 	DATA 	Mouse: Left button down, pos=(1139,249)
27.9796 	EXP 	Landmark: autoDraw = False
27.9796 	EXP 	text_4: autoDraw = False
27.9796 	EXP 	text_3: height = 0.05
27.9796 	EXP 	text_3: height = 0.05
27.9796 	EXP 	text_3: height = 0.05
27.9796 	EXP 	text_3: text = 'Thank you for participating in the SEAL Landmark Traversal Task'
27.9796 	EXP 	text_3: autoDraw = True
28.0250 	DATA 	Mouse:  Left button up, pos=(1146,244)
30.9906 	EXP 	text_3: autoDraw = False
31.1882 	EXP 	window1: mouseVisible = True
