4.7767 	WARNING 	We strongly recommend you activate the PTB sound engine in PsychoPy prefs as the preferred audio engine. Its timing is vastly superior. Your prefs are currently set to use ['sounddevice', 'PTB', 'pyo', 'pygame'] (in that order).
10.2851 	WARNING 	User requested fullscreen with size [1024  768], but screen is actually [1680, 1050]. Using actual size
12.6712 	WARNING 	Couldn't measure a consistent frame rate!
  - Is your graphics card set to sync to vertical blank?
  - Are you running other processes on your computer?

12.6731 	EXP 	Created window1 = Window(allowGUI=True, allowStencil=False, autoLog=True, backendConf=UNKNOWN, bitsMode=UNKNOWN, blendMode='avg', bpc=(8, 8, 8), color=array([0, 0, 0]), colorSpace='rgb', depthBits=8, fullscr=<method-wrapper '__getattribute__' of attributeSetter object at 0x7fb92b910c10>, gamma=None, gammaErrorPolicy='raise', lms=UNKNOWN, monitor=<psychopy.monitors.calibTools.Monitor object at 0x7fb8fd5e7c10>, multiSample=False, name='window1', numSamples=2, pos=[420.0, 262.5], screen=0, size=array([3360, 2100]), stencilBits=0, stereo=False, units='height', useFBO=True, useRetina=True, viewOri=0.0, viewPos=None, viewScale=None, waitBlanking=True, winType='pyglet')
12.6736 	EXP 	window1: mouseVisible = True
12.6755 	EXP 	window1: mouseVisible = False
12.6755 	EXP 	window1: Attempting to measure frame rate of screen (0) ...
12.6755 	EXP 	window1: recordFrameIntervals = False
12.8275 	EXP 	window1: recordFrameIntervals = True
13.0057 	WARNING 	t of last frame was 23.82ms (=1/41)
13.1390 	WARNING 	t of last frame was 25.63ms (=1/39)
13.2891 	WARNING 	t of last frame was 23.76ms (=1/42)
13.4225 	WARNING 	t of last frame was 23.76ms (=1/42)
13.5561 	WARNING 	Multiple dropped frames have occurred - I'll stop bothering you about them!
14.4750 	WARNING 	Couldn't measure a consistent frame rate!
  - Is your graphics card set to sync to vertical blank?
  - Are you running other processes on your computer?

16.8071 	EXP 	Created text = TextStim(__class__=<class 'psychopy.visual.text.TextStim'>, alignHoriz=method-wrapper(...), alignText='center', alignVert=method-wrapper(...), anchorHoriz='center', anchorVert='center', antialias=True, autoDraw=False, autoLog=True, bold=False, color=array([1, 1, 1]), colorSpace='rgb', contrast=1.0, depth=0.0, flipHoriz=False, flipVert=False, font='Open Sans', fontFiles=[], height=0.05, italic=False, languageStyle='LTR', name='text', opacity=1.0, ori=0.0, pos=array([0., 0.]), rgb=UNKNOWN, text='Welcome to the SEAL Landmark Traversal Task', units='height', win=Window(...), wrapWidth=1)
16.8224 	EXP 	Created text_2 = TextStim(__class__=<class 'psychopy.visual.text.TextStim'>, alignHoriz=method-wrapper(...), alignText='center', alignVert=method-wrapper(...), anchorHoriz='center', anchorVert='center', antialias=True, autoDraw=False, autoLog=True, bold=False, color=array([1, 1, 1]), colorSpace='rgb', contrast=1.0, depth=0.0, flipHoriz=False, flipVert=False, font='Open Sans', fontFiles=[], height=0.05, italic=False, languageStyle='LTR', name='text_2', opacity=1.0, ori=0.0, pos=array([0.  , 0.15]), rgb=UNKNOWN, text=str(...), units='height', win=Window(...), wrapWidth=1)
16.8479 	EXP 	window1: mouseVisible = True
16.8638 	EXP 	window1: mouseVisible = True
16.8639 	EXP 	window1: mouseVisible = True
16.8684 	EXP 	Created Landmark = ImageStim(__class__=<class 'psychopy.visual.image.ImageStim'>, anchor=('center', 'center'), autoLog=True, color=array([1, 1, 1]), colorSpace='rgb', contrast=1.0, depth=0.0, flipHoriz=False, flipVert=False, image='sin', interpolate=True, mask=None, maskParams=None, name='Landmark', opacity=1.0, ori=0.0, pos=array([0., 0.]), size=array([0.5, 0.5]), texRes=128.0, units='height', win=Window(...))
16.8716 	EXP 	Created text_4 = TextStim(__class__=<class 'psychopy.visual.text.TextStim'>, alignHoriz=method-wrapper(...), alignText='center', alignVert=method-wrapper(...), anchorHoriz='center', anchorVert='center', antialias=True, autoDraw=False, autoLog=True, bold=False, color=array([1, 1, 1]), colorSpace='rgb', contrast=1.0, depth=-1.0, flipHoriz=False, flipVert=False, font='Open Sans', fontFiles=[], height=0.05, italic=False, languageStyle='LTR', name='text_4', opacity=1.0, ori=0.0, pos=array([0.  , 0.35]), rgb=UNKNOWN, text='Please find this object\n\n', units='height', win=Window(...), wrapWidth=1)
16.8784 	EXP 	window1: mouseVisible = True
16.8851 	EXP 	window1: mouseVisible = True
16.8892 	EXP 	Created image = ImageStim(__class__=<class 'psychopy.visual.image.ImageStim'>, anchor=('center', 'center'), autoLog=True, color=array([1, 1, 1]), colorSpace='rgb', contrast=1.0, depth=0.0, flipHoriz=False, flipVert=False, image='sin', interpolate=True, mask=None, maskParams=None, name='image', opacity=1.0, ori=0.0, pos=array([0., 0.]), size=array([0.5, 0.5]), texRes=128.0, units='height', win=Window(...))
16.8925 	EXP 	Created text_5 = TextStim(__class__=<class 'psychopy.visual.text.TextStim'>, alignHoriz=method-wrapper(...), alignText='center', alignVert=method-wrapper(...), anchorHoriz='center', anchorVert='center', antialias=True, autoDraw=False, autoLog=True, bold=False, color=array([1, 1, 1]), colorSpace='rgb', contrast=1.0, depth=-1.0, flipHoriz=False, flipVert=False, font='Open Sans', fontFiles=[], height=0.05, italic=False, languageStyle='LTR', name='text_5', opacity=1.0, ori=0.0, pos=array([0.  , 0.35]), rgb=UNKNOWN, text='Please find this object', units='height', win=Window(...), wrapWidth=1)
16.8994 	EXP 	window1: mouseVisible = True
16.9062 	EXP 	window1: mouseVisible = True
16.9069 	EXP 	Created text_3 = TextStim(__class__=<class 'psychopy.visual.text.TextStim'>, alignHoriz=method-wrapper(...), alignText='center', alignVert=method-wrapper(...), anchorHoriz='center', anchorVert='center', antialias=True, autoDraw=False, autoLog=True, bold=False, color=array([1, 1, 1]), colorSpace='rgb', contrast=1.0, depth=0.0, flipHoriz=False, flipVert=False, font='Open Sans', fontFiles=[], height=0.05, italic=False, languageStyle='LTR', name='text_3', opacity=1.0, ori=0.0, pos=array([0., 0.]), rgb=UNKNOWN, text='', units='height', win=Window(...), wrapWidth=1)
16.9288 	EXP 	text: autoDraw = True
19.9535 	EXP 	text: autoDraw = False
19.9535 	EXP 	text_2: autoDraw = True
22.4449 	DATA 	Mouse: Left button down, pos=(517,287)
22.4459 	DATA 	Mouse:  Left button up, pos=(517,287)
22.7526 	DATA 	Mouse: Left button down, pos=(517,287)
22.7535 	DATA 	Mouse:  Left button up, pos=(517,287)
27.1259 	DATA 	Mouse: Left button down, pos=(594,299)
27.1278 	EXP 	Created sequence: random, trialTypes=1, nReps=0, seed=None
27.1281 	EXP 	Created sequence: random, trialTypes=1, nReps=1, seed=None
27.1283 	EXP 	New trial (rep=0, index=0): None
27.1388 	EXP 	Imported LandmarkTrav_Stimuli.xlsx as conditions, 12 conditions, 2 params
27.1393 	EXP 	Created sequence: sequential, trialTypes=12, nReps=1, seed=None
27.1395 	EXP 	New trial (rep=0, index=0): {'imageL': 'TravImages/Landmark1_book.jpeg', 'imageU': 'TravImages/Landmark7_painting.jpeg'}
27.6257 	DATA 	Mouse:  Left button up, pos=(594,299)
27.6266 	DATA 	Mouse: Left button down, pos=(595,299)
27.6628 	EXP 	text_2: autoDraw = False
27.6628 	EXP 	image: image = 'TravImages/Landmark7_painting.jpeg'
27.6628 	EXP 	image: autoDraw = True
27.6628 	EXP 	text_5: autoDraw = True
27.6662 	DATA 	Mouse:  Left button up, pos=(595,299)
38.6661 	DATA 	Mouse: Left button down, pos=(664,135)
38.6673 	DATA 	Mouse:  Left button up, pos=(664,135)
42.1453 	DATA 	Mouse: Left button down, pos=(664,135)
42.1462 	DATA 	Mouse:  Left button up, pos=(664,135)
42.2823 	DATA 	Mouse: Left button down, pos=(664,135)
42.2831 	DATA 	Mouse:  Left button up, pos=(664,135)
43.7535 	DATA 	Mouse: Left button down, pos=(664,135)
43.7572 	EXP 	New trial (rep=0, index=1): {'imageL': 'TravImages/Landmark2_painting.jpeg', 'imageU': 'TravImages/Landmark8_painting.jpeg'}
44.1426 	DATA 	Mouse:  Left button up, pos=(664,135)
44.1431 	DATA 	Mouse: Left button down, pos=(664,135)
44.1437 	DATA 	Mouse:  Left button up, pos=(664,135)
44.1633 	EXP 	image: autoDraw = False
44.1633 	EXP 	text_5: autoDraw = False
44.1633 	EXP 	image: image = 'TravImages/Landmark8_painting.jpeg'
44.1633 	EXP 	image: autoDraw = True
44.1633 	EXP 	text_5: autoDraw = True
46.8952 	DATA 	Mouse: Left button down, pos=(664,135)
46.9148 	EXP 	New trial (rep=0, index=2): {'imageL': 'TravImages/Landmark3_waterfountain.jpeg', 'imageU': 'TravImages/Landmark9_painting.jpeg'}
47.3216 	DATA 	Mouse:  Left button up, pos=(664,135)
47.3222 	DATA 	Mouse: Left button down, pos=(664,135)
47.3226 	DATA 	Mouse:  Left button up, pos=(664,135)
47.3455 	EXP 	image: autoDraw = False
47.3455 	EXP 	text_5: autoDraw = False
47.3455 	EXP 	image: image = 'TravImages/Landmark9_painting.jpeg'
47.3455 	EXP 	image: autoDraw = True
47.3455 	EXP 	text_5: autoDraw = True
48.7245 	DATA 	Mouse: Left button down, pos=(676,116)
48.7493 	EXP 	New trial (rep=0, index=3): {'imageL': 'TravImages/Landmark4_vase.jpeg', 'imageU': 'TravImages/Landmark10_statue.jpeg'}
49.0743 	DATA 	Mouse:  Left button up, pos=(676,116)
49.0749 	DATA 	Mouse: Left button down, pos=(676,116)
49.0754 	DATA 	Mouse:  Left button up, pos=(676,116)
49.0993 	EXP 	image: autoDraw = False
49.0993 	EXP 	text_5: autoDraw = False
49.0993 	EXP 	image: image = 'TravImages/Landmark10_statue.jpeg'
49.0993 	EXP 	image: autoDraw = True
49.0993 	EXP 	text_5: autoDraw = True
50.7029 	DATA 	Mouse: Left button down, pos=(690,115)
50.7063 	EXP 	New trial (rep=0, index=4): {'imageL': 'TravImages/Landmark5_painting.jpeg', 'imageU': 'TravImages/Landmark11_painting.jpeg'}
51.1331 	DATA 	Mouse:  Left button up, pos=(690,115)
51.1337 	DATA 	Mouse: Left button down, pos=(690,115)
51.1342 	DATA 	Mouse:  Left button up, pos=(690,115)
51.1614 	EXP 	image: autoDraw = False
51.1614 	EXP 	text_5: autoDraw = False
51.1614 	EXP 	image: image = 'TravImages/Landmark11_painting.jpeg'
51.1614 	EXP 	image: autoDraw = True
51.1614 	EXP 	text_5: autoDraw = True
53.8843 	DATA 	Mouse: Left button down, pos=(690,115)
53.8881 	EXP 	New trial (rep=0, index=5): {'imageL': 'TravImages/Landmark6_map.jpeg', 'imageU': 'TravImages/Landmark12_statue.jpeg'}
54.2809 	DATA 	Mouse:  Left button up, pos=(690,115)
54.2814 	DATA 	Mouse: Left button down, pos=(690,115)
54.2819 	DATA 	Mouse:  Left button up, pos=(690,115)
54.3089 	EXP 	image: autoDraw = False
54.3089 	EXP 	text_5: autoDraw = False
54.3089 	EXP 	image: image = 'TravImages/Landmark12_statue.jpeg'
54.3089 	EXP 	image: autoDraw = True
54.3089 	EXP 	text_5: autoDraw = True
56.1384 	DATA 	Mouse: Left button down, pos=(690,115)
56.1404 	EXP 	New trial (rep=0, index=6): {'imageL': 'TravImages/Landmark7_painting.jpeg', 'imageU': 'TravImages/Landmark1_book.jpeg'}
56.5364 	DATA 	Mouse:  Left button up, pos=(690,115)
56.5369 	DATA 	Mouse: Left button down, pos=(690,115)
56.5375 	DATA 	Mouse:  Left button up, pos=(690,115)
56.5747 	EXP 	image: autoDraw = False
56.5747 	EXP 	text_5: autoDraw = False
56.5747 	EXP 	image: image = 'TravImages/Landmark1_book.jpeg'
56.5747 	EXP 	image: autoDraw = True
56.5747 	EXP 	text_5: autoDraw = True
63.5480 	DATA 	Mouse: Left button down, pos=(685,93)
63.5504 	EXP 	New trial (rep=0, index=7): {'imageL': 'TravImages/Landmark8_painting.jpeg', 'imageU': 'TravImages/Landmark2_painting.jpeg'}
63.9704 	DATA 	Mouse:  Left button up, pos=(685,93)
63.9710 	DATA 	Mouse: Left button down, pos=(685,93)
63.9715 	DATA 	Mouse:  Left button up, pos=(685,93)
64.0026 	EXP 	image: autoDraw = False
64.0026 	EXP 	text_5: autoDraw = False
64.0026 	EXP 	image: image = 'TravImages/Landmark2_painting.jpeg'
64.0026 	EXP 	image: autoDraw = True
64.0026 	EXP 	text_5: autoDraw = True
67.5318 	DATA 	Mouse: Left button down, pos=(685,93)
67.5344 	EXP 	New trial (rep=0, index=8): {'imageL': 'TravImages/Landmark9_painting.jpeg', 'imageU': 'TravImages/Landmark3_waterfountain.jpeg'}
67.9000 	DATA 	Mouse:  Left button up, pos=(685,93)
67.9006 	DATA 	Mouse: Left button down, pos=(685,93)
67.9011 	DATA 	Mouse:  Left button up, pos=(685,93)
67.9261 	EXP 	image: autoDraw = False
67.9261 	EXP 	text_5: autoDraw = False
67.9261 	EXP 	image: image = 'TravImages/Landmark3_waterfountain.jpeg'
67.9261 	EXP 	image: autoDraw = True
67.9261 	EXP 	text_5: autoDraw = True
69.9386 	DATA 	Mouse: Left button down, pos=(685,93)
69.9410 	EXP 	New trial (rep=0, index=9): {'imageL': 'TravImages/Landmark10_statue.jpeg', 'imageU': 'TravImages/Landmark4_vase.jpeg'}
70.2860 	DATA 	Mouse:  Left button up, pos=(685,93)
70.2866 	DATA 	Mouse: Left button down, pos=(685,93)
70.2871 	DATA 	Mouse:  Left button up, pos=(685,93)
70.3073 	EXP 	image: autoDraw = False
70.3073 	EXP 	text_5: autoDraw = False
70.3073 	EXP 	image: image = 'TravImages/Landmark4_vase.jpeg'
70.3073 	EXP 	image: autoDraw = True
70.3073 	EXP 	text_5: autoDraw = True
71.5149 	DATA 	Mouse: Left button down, pos=(685,93)
71.5171 	EXP 	New trial (rep=0, index=10): {'imageL': 'TravImages/Landmark11_painting.jpeg', 'imageU': 'TravImages/Landmark5_painting.jpeg'}
71.8965 	DATA 	Mouse:  Left button up, pos=(685,93)
71.8971 	DATA 	Mouse: Left button down, pos=(685,93)
71.8977 	DATA 	Mouse:  Left button up, pos=(685,93)
71.9217 	EXP 	image: autoDraw = False
71.9217 	EXP 	text_5: autoDraw = False
71.9217 	EXP 	image: image = 'TravImages/Landmark5_painting.jpeg'
71.9217 	EXP 	image: autoDraw = True
71.9217 	EXP 	text_5: autoDraw = True
72.9976 	DATA 	Mouse: Left button down, pos=(685,93)
73.0001 	EXP 	New trial (rep=0, index=11): {'imageL': 'TravImages/Landmark12_statue.jpeg', 'imageU': 'TravImages/Landmark6_map.jpeg'}
73.4196 	DATA 	Mouse:  Left button up, pos=(685,93)
73.4203 	DATA 	Mouse: Left button down, pos=(685,93)
73.4212 	DATA 	Mouse:  Left button up, pos=(685,93)
73.4577 	EXP 	image: autoDraw = False
73.4577 	EXP 	text_5: autoDraw = False
73.4577 	EXP 	image: image = 'TravImages/Landmark6_map.jpeg'
73.4577 	EXP 	image: autoDraw = True
73.4577 	EXP 	text_5: autoDraw = True
73.9764 	DATA 	Mouse: Left button down, pos=(685,93)
73.9961 	EXP 	image: autoDraw = False
73.9961 	EXP 	text_5: autoDraw = False
73.9961 	EXP 	text_3: height = 0.05
73.9961 	EXP 	text_3: height = 0.05
73.9961 	EXP 	text_3: height = 0.05
73.9961 	EXP 	text_3: text = 'Thank you for participating in the SEAL Landmark Traversal Task'
73.9961 	EXP 	text_3: autoDraw = True
74.0841 	DATA 	Mouse:  Left button up, pos=(685,93)
74.1842 	DATA 	Mouse: Left button down, pos=(685,93)
74.2675 	DATA 	Mouse:  Left button up, pos=(685,93)
76.9959 	EXP 	text_3: autoDraw = False
77.5548 	EXP 	window1: mouseVisible = True
