1.4119 	WARNING 	We strongly recommend you activate the PTB sound engine in PsychoPy prefs as the preferred audio engine. Its timing is vastly superior. Your prefs are currently set to use ['sounddevice', 'PTB', 'pyo', 'pygame'] (in that order).
5.1286 	WARNING 	User requested fullscreen with size [1024  768], but screen is actually [2880, 1920]. Using actual size
6.8536 	EXP 	Created window1 = Window(allowGUI=True, allowStencil=False, autoLog=True, backendConf=UNKNOWN, bitsMode=UNKNOWN, blendMode='avg', bpc=(8, 8, 8), color=array([0, 0, 0]), colorSpace='rgb', depthBits=8, fullscr=<method-wrapper '__getattribute__' of attributeSetter object at 0x000001792FA05040>, gamma=None, gammaErrorPolicy='raise', lms=UNKNOWN, monitor=<psychopy.monitors.calibTools.Monitor object at 0x00000179335364F0>, multiSample=False, name='window1', numSamples=2, pos=(0, 0), screen=0, size=array([2880, 1920]), stencilBits=0, stereo=False, units='height', useFBO=True, useRetina=False, viewOri=0.0, viewPos=None, viewScale=None, waitBlanking=True, winType='pyglet')
6.8539 	EXP 	window1: mouseVisible = True
6.8541 	EXP 	window1: mouseVisible = False
6.8541 	EXP 	window1: Attempting to measure frame rate of screen (0) ...
6.8541 	EXP 	window1: recordFrameIntervals = False
7.0199 	EXP 	window1: recordFrameIntervals = True
7.2032 	EXP 	Screen (0) actual frame rate measured at 60.27Hz
7.2032 	EXP 	window1: recordFrameIntervals = False
9.0850 	EXP 	Created text = TextStim(__class__=<class 'psychopy.visual.text.TextStim'>, alignHoriz=method-wrapper(...), alignText='center', alignVert=method-wrapper(...), anchorHoriz='center', anchorVert='center', antialias=True, autoDraw=False, autoLog=True, bold=False, color=array([1, 1, 1]), colorSpace='rgb', contrast=1.0, depth=0.0, flipHoriz=False, flipVert=False, font='Open Sans', fontFiles=[], height=0.05, italic=False, languageStyle='LTR', name='text', opacity=1.0, ori=0.0, pos=array([0., 0.]), rgb=UNKNOWN, text='Welcome to the SEAL Landmark Traversal Task', units='height', win=Window(...), wrapWidth=1)
9.1024 	EXP 	Created text_2 = TextStim(__class__=<class 'psychopy.visual.text.TextStim'>, alignHoriz=method-wrapper(...), alignText='center', alignVert=method-wrapper(...), anchorHoriz='center', anchorVert='center', antialias=True, autoDraw=False, autoLog=True, bold=False, color=array([1, 1, 1]), colorSpace='rgb', contrast=1.0, depth=0.0, flipHoriz=False, flipVert=False, font='Open Sans', fontFiles=[], height=0.05, italic=False, languageStyle='LTR', name='text_2', opacity=1.0, ori=0.0, pos=array([0., 0.]), rgb=UNKNOWN, text=str(...), units='height', win=Window(...), wrapWidth=1)
9.1172 	EXP 	Created Landmark = ImageStim(__class__=<class 'psychopy.visual.image.ImageStim'>, anchor=('center', 'center'), autoLog=True, color=array([1, 1, 1]), colorSpace='rgb', contrast=1.0, depth=0.0, flipHoriz=False, flipVert=False, image='sin', interpolate=True, mask=None, maskParams=None, name='Landmark', opacity=1.0, ori=0.0, pos=array([0., 0.]), size=array([0.5, 0.5]), texRes=128.0, units='height', win=Window(...))
9.1217 	EXP 	Created text_4 = TextStim(__class__=<class 'psychopy.visual.text.TextStim'>, alignHoriz=method-wrapper(...), alignText='center', alignVert=method-wrapper(...), anchorHoriz='center', anchorVert='center', antialias=True, autoDraw=False, autoLog=True, bold=False, color=array([1, 1, 1]), colorSpace='rgb', contrast=1.0, depth=-1.0, flipHoriz=False, flipVert=False, font='Open Sans', fontFiles=[], height=0.05, italic=False, languageStyle='LTR', name='text_4', opacity=1.0, ori=0.0, pos=array([0.  , 0.35]), rgb=UNKNOWN, text='Please find this object\n\n', units='height', win=Window(...), wrapWidth=1)
9.1414 	EXP 	window1: mouseVisible = True
9.1619 	EXP 	window1: mouseVisible = True
9.1625 	EXP 	Created text_3 = TextStim(__class__=<class 'psychopy.visual.text.TextStim'>, alignHoriz=method-wrapper(...), alignText='center', alignVert=method-wrapper(...), anchorHoriz='center', anchorVert='center', antialias=True, autoDraw=False, autoLog=True, bold=False, color=array([1, 1, 1]), colorSpace='rgb', contrast=1.0, depth=0.0, flipHoriz=False, flipVert=False, font='Open Sans', fontFiles=[], height=0.05, italic=False, languageStyle='LTR', name='text_3', opacity=1.0, ori=0.0, pos=array([0., 0.]), rgb=UNKNOWN, text='', units='height', win=Window(...), wrapWidth=1)
9.1738 	EXP 	text: autoDraw = True
12.1865 	EXP 	text: autoDraw = False
12.1865 	EXP 	text_2: autoDraw = True
12.9345 	EXP 	Imported LandmarkTrav_Stimuli.xlsx as conditions, 12 conditions, 1 params
12.9350 	EXP 	Created sequence: sequential, trialTypes=12, nReps=1, seed=None
12.9352 	EXP 	New trial (rep=0, index=0): {'image': 'TravImages/Landmark1_book.jpeg'}
13.4023 	DATA 	Keypress: space
13.4850 	EXP 	text_2: autoDraw = False
13.4850 	EXP 	Landmark: image = 'TravImages/Landmark1_book.jpeg'
13.4850 	EXP 	Landmark: autoDraw = True
13.4850 	EXP 	text_4: autoDraw = True
17.6397 	DATA 	Mouse: Left button down, pos=(1055,211)
17.6402 	DATA 	Mouse:  Left button up, pos=(1055,211)
17.7460 	DATA 	Mouse: Left button down, pos=(1055,211)
17.7497 	EXP 	New trial (rep=0, index=1): {'image': 'TravImages/Landmark2_painting.jpeg'}
18.2458 	DATA 	Mouse:  Left button up, pos=(1098,215)
18.3985 	EXP 	Landmark: autoDraw = False
18.3985 	EXP 	text_4: autoDraw = False
18.3985 	EXP 	Landmark: image = 'TravImages/Landmark2_painting.jpeg'
18.3985 	EXP 	Landmark: autoDraw = True
18.3985 	EXP 	text_4: autoDraw = True
19.3204 	DATA 	Mouse: Left button down, pos=(1883,130)
19.3212 	DATA 	Mouse:  Left button up, pos=(1883,130)
19.4427 	DATA 	Mouse: Left button down, pos=(1883,130)
19.4462 	EXP 	New trial (rep=0, index=2): {'image': 'TravImages/Landmark3_WaterFountain.jpeg'}
20.3174 	DATA 	Mouse:  Left button up, pos=(1883,170)
20.3394 	EXP 	Landmark: autoDraw = False
20.3394 	EXP 	text_4: autoDraw = False
20.3394 	EXP 	Landmark: image = 'TravImages/Landmark3_WaterFountain.jpeg'
20.3394 	EXP 	Landmark: autoDraw = True
20.3394 	EXP 	text_4: autoDraw = True
21.1237 	DATA 	Mouse: Left button down, pos=(1094,193)
21.1240 	DATA 	Mouse:  Left button up, pos=(1094,193)
21.2600 	DATA 	Mouse: Left button down, pos=(1094,193)
21.2762 	EXP 	New trial (rep=0, index=3): {'image': 'TravImages/Landmark4_vase.jpeg'}
21.6894 	DATA 	Mouse:  Left button up, pos=(1104,192)
21.7090 	EXP 	Landmark: autoDraw = False
21.7090 	EXP 	text_4: autoDraw = False
21.7090 	EXP 	Landmark: image = 'TravImages/Landmark4_vase.jpeg'
21.7090 	EXP 	Landmark: autoDraw = True
21.7090 	EXP 	text_4: autoDraw = True
22.2447 	DATA 	Mouse: Left button down, pos=(1099,196)
22.2449 	DATA 	Mouse:  Left button up, pos=(1099,196)
22.3422 	DATA 	Mouse: Left button down, pos=(1099,196)
22.3448 	EXP 	New trial (rep=0, index=4): {'image': 'TravImages/Landmark5_painting.jpeg'}
23.1374 	DATA 	Mouse:  Left button up, pos=(1107,198)
23.1562 	EXP 	Landmark: autoDraw = False
23.1562 	EXP 	text_4: autoDraw = False
23.1562 	EXP 	Landmark: image = 'TravImages/Landmark5_painting.jpeg'
23.1562 	EXP 	Landmark: autoDraw = True
23.1562 	EXP 	text_4: autoDraw = True
23.4110 	DATA 	Mouse: Left button down, pos=(1099,203)
23.4114 	DATA 	Mouse:  Left button up, pos=(1099,203)
23.5249 	DATA 	Mouse: Left button down, pos=(1099,203)
23.5272 	EXP 	New trial (rep=0, index=5): {'image': 'TravImages/Landmark6_map.jpeg'}
24.1595 	DATA 	Mouse:  Left button up, pos=(1099,212)
24.2903 	EXP 	Landmark: autoDraw = False
24.2903 	EXP 	text_4: autoDraw = False
24.2903 	EXP 	Landmark: image = 'TravImages/Landmark6_map.jpeg'
24.2903 	EXP 	Landmark: autoDraw = True
24.2903 	EXP 	text_4: autoDraw = True
24.6381 	DATA 	Mouse: Left button down, pos=(1109,190)
24.6386 	DATA 	Mouse:  Left button up, pos=(1109,190)
24.7464 	DATA 	Mouse: Left button down, pos=(1109,190)
24.7546 	EXP 	New trial (rep=0, index=6): {'image': 'TravImages/Landmark7_painting.jpeg'}
25.6320 	DATA 	Mouse:  Left button up, pos=(1098,199)
25.7033 	EXP 	Landmark: autoDraw = False
25.7033 	EXP 	text_4: autoDraw = False
25.7033 	EXP 	Landmark: image = 'TravImages/Landmark7_painting.jpeg'
25.7033 	EXP 	Landmark: autoDraw = True
25.7033 	EXP 	text_4: autoDraw = True
25.7499 	DATA 	Mouse: Left button down, pos=(1139,211)
25.7502 	DATA 	Mouse:  Left button up, pos=(1139,211)
25.8561 	DATA 	Mouse: Left button down, pos=(1139,211)
25.8582 	EXP 	New trial (rep=0, index=7): {'image': 'TravImages/Landmark8_painting.jpeg'}
26.8362 	DATA 	Mouse:  Left button up, pos=(1119,220)
26.8536 	DATA 	Mouse: Left button down, pos=(1048,172)
26.8543 	DATA 	Mouse:  Left button up, pos=(1048,172)
26.9314 	EXP 	Landmark: autoDraw = False
26.9314 	EXP 	text_4: autoDraw = False
26.9314 	EXP 	Landmark: image = 'TravImages/Landmark8_painting.jpeg'
26.9314 	EXP 	Landmark: autoDraw = True
26.9314 	EXP 	text_4: autoDraw = True
26.9450 	DATA 	Mouse: Left button down, pos=(1048,172)
26.9596 	EXP 	New trial (rep=0, index=8): {'image': 'TravImages/Landmark9_painting.jpeg'}
27.5178 	DATA 	Mouse:  Left button up, pos=(1067,190)
27.5348 	EXP 	Landmark: autoDraw = False
27.5348 	EXP 	text_4: autoDraw = False
27.5348 	EXP 	Landmark: image = 'TravImages/Landmark9_painting.jpeg'
27.5348 	EXP 	Landmark: autoDraw = True
27.5348 	EXP 	text_4: autoDraw = True
28.0436 	DATA 	Mouse: Left button down, pos=(1862,182)
28.0438 	DATA 	Mouse:  Left button up, pos=(1862,182)
28.1767 	DATA 	Mouse: Left button down, pos=(1862,182)
28.1796 	EXP 	New trial (rep=0, index=9): {'image': 'TravImages/Landmark10_statue.jpeg'}
28.6366 	DATA 	Mouse:  Left button up, pos=(1815,176)
28.8253 	EXP 	Landmark: autoDraw = False
28.8253 	EXP 	text_4: autoDraw = False
28.8253 	EXP 	Landmark: image = 'TravImages/Landmark10_statue.jpeg'
28.8253 	EXP 	Landmark: autoDraw = True
28.8253 	EXP 	text_4: autoDraw = True
29.1925 	DATA 	Mouse: Left button down, pos=(1863,196)
29.1932 	DATA 	Mouse:  Left button up, pos=(1863,196)
29.3061 	DATA 	Mouse: Left button down, pos=(1863,196)
29.3177 	EXP 	New trial (rep=0, index=10): {'image': 'TravImages/Landmark11_painting.jpeg'}
29.7126 	DATA 	Mouse:  Left button up, pos=(1843,178)
29.7285 	EXP 	Landmark: autoDraw = False
29.7285 	EXP 	text_4: autoDraw = False
29.7285 	EXP 	Landmark: image = 'TravImages/Landmark11_painting.jpeg'
29.7285 	EXP 	Landmark: autoDraw = True
29.7285 	EXP 	text_4: autoDraw = True
30.2083 	DATA 	Mouse: Left button down, pos=(1842,217)
30.2093 	DATA 	Mouse:  Left button up, pos=(1842,217)
30.2923 	DATA 	Mouse: Left button down, pos=(1842,217)
30.3022 	EXP 	New trial (rep=0, index=11): {'image': 'TravImages/Landmark12_statue.jpeg'}
30.6614 	DATA 	Mouse:  Left button up, pos=(1853,222)
30.8416 	EXP 	Landmark: autoDraw = False
30.8416 	EXP 	text_4: autoDraw = False
30.8416 	EXP 	Landmark: image = 'TravImages/Landmark12_statue.jpeg'
30.8416 	EXP 	Landmark: autoDraw = True
30.8416 	EXP 	text_4: autoDraw = True
31.2607 	DATA 	Mouse: Left button down, pos=(1867,224)
31.2614 	DATA 	Mouse:  Left button up, pos=(1867,224)
31.3478 	DATA 	Mouse: Left button down, pos=(1867,224)
31.3765 	EXP 	Landmark: autoDraw = False
31.3765 	EXP 	text_4: autoDraw = False
31.3765 	EXP 	text_3: height = 0.05
31.3765 	EXP 	text_3: height = 0.05
31.3765 	EXP 	text_3: height = 0.05
31.3765 	EXP 	text_3: text = 'Thank you for participating in the SEAL Landmark Traversal Task'
31.3765 	EXP 	text_3: autoDraw = True
31.4243 	DATA 	Mouse:  Left button up, pos=(1880,197)
34.3862 	EXP 	text_3: autoDraw = False
34.6175 	EXP 	window1: mouseVisible = True
