3.9217 	WARNING 	We strongly recommend you activate the PTB sound engine in PsychoPy prefs as the preferred audio engine. Its timing is vastly superior. Your prefs are currently set to use ['sounddevice', 'PTB', 'pyo', 'pygame'] (in that order).
9.9660 	WARNING 	User requested fullscreen with size [1024  768], but screen is actually [1680, 1050]. Using actual size
12.3229 	WARNING 	Couldn't measure a consistent frame rate!
  - Is your graphics card set to sync to vertical blank?
  - Are you running other processes on your computer?

12.3250 	EXP 	Created window1 = Window(allowGUI=True, allowStencil=False, autoLog=True, backendConf=UNKNOWN, bitsMode=UNKNOWN, blendMode='avg', bpc=(8, 8, 8), color=array([0, 0, 0]), colorSpace='rgb', depthBits=8, fullscr=<method-wrapper '__getattribute__' of attributeSetter object at 0x7f94a676a970>, gamma=None, gammaErrorPolicy='raise', lms=UNKNOWN, monitor=<psychopy.monitors.calibTools.Monitor object at 0x7f9473eebb80>, multiSample=False, name='window1', numSamples=2, pos=[420.0, 262.5], screen=0, size=array([3360, 2100]), stencilBits=0, stereo=False, units='height', useFBO=True, useRetina=True, viewOri=0.0, viewPos=None, viewScale=None, waitBlanking=True, winType='pyglet')
12.3254 	EXP 	window1: mouseVisible = True
12.3293 	EXP 	window1: mouseVisible = False
12.3293 	EXP 	window1: Attempting to measure frame rate of screen (0) ...
12.3294 	EXP 	window1: recordFrameIntervals = False
12.4781 	EXP 	window1: recordFrameIntervals = True
12.7023 	EXP 	Screen (0) actual frame rate measured at 61.72Hz
12.7023 	EXP 	window1: recordFrameIntervals = True
15.3873 	EXP 	Created text = TextStim(__class__=<class 'psychopy.visual.text.TextStim'>, alignHoriz=method-wrapper(...), alignText='center', alignVert=method-wrapper(...), anchorHoriz='center', anchorVert='center', antialias=True, autoDraw=False, autoLog=True, bold=False, color=array([1, 1, 1]), colorSpace='rgb', contrast=1.0, depth=0.0, flipHoriz=False, flipVert=False, font='Open Sans', fontFiles=[], height=0.05, italic=False, languageStyle='LTR', name='text', opacity=1.0, ori=0.0, pos=array([0., 0.]), rgb=UNKNOWN, text='Welcome to the SEAL Landmark Traversal Task', units='height', win=Window(...), wrapWidth=1)
15.4025 	EXP 	Created text_2 = TextStim(__class__=<class 'psychopy.visual.text.TextStim'>, alignHoriz=method-wrapper(...), alignText='center', alignVert=method-wrapper(...), anchorHoriz='center', anchorVert='center', antialias=True, autoDraw=False, autoLog=True, bold=False, color=array([1, 1, 1]), colorSpace='rgb', contrast=1.0, depth=0.0, flipHoriz=False, flipVert=False, font='Open Sans', fontFiles=[], height=0.05, italic=False, languageStyle='LTR', name='text_2', opacity=1.0, ori=0.0, pos=array([0.  , 0.15]), rgb=UNKNOWN, text=str(...), units='height', win=Window(...), wrapWidth=1)
15.4278 	EXP 	window1: mouseVisible = True
15.4440 	EXP 	window1: mouseVisible = True
15.4441 	EXP 	window1: mouseVisible = True
15.4492 	EXP 	Created Landmark = ImageStim(__class__=<class 'psychopy.visual.image.ImageStim'>, anchor=('center', 'center'), autoLog=True, color=array([1, 1, 1]), colorSpace='rgb', contrast=1.0, depth=0.0, flipHoriz=False, flipVert=False, image='sin', interpolate=True, mask=None, maskParams=None, name='Landmark', opacity=1.0, ori=0.0, pos=array([0., 0.]), size=array([0.5, 0.5]), texRes=128.0, units='height', win=Window(...))
15.4525 	EXP 	Created text_4 = TextStim(__class__=<class 'psychopy.visual.text.TextStim'>, alignHoriz=method-wrapper(...), alignText='center', alignVert=method-wrapper(...), anchorHoriz='center', anchorVert='center', antialias=True, autoDraw=False, autoLog=True, bold=False, color=array([1, 1, 1]), colorSpace='rgb', contrast=1.0, depth=-1.0, flipHoriz=False, flipVert=False, font='Open Sans', fontFiles=[], height=0.05, italic=False, languageStyle='LTR', name='text_4', opacity=1.0, ori=0.0, pos=array([0.  , 0.35]), rgb=UNKNOWN, text='Please find this object\n\n', units='height', win=Window(...), wrapWidth=1)
15.4607 	EXP 	window1: mouseVisible = True
15.4676 	EXP 	window1: mouseVisible = True
15.4718 	EXP 	Created image = ImageStim(__class__=<class 'psychopy.visual.image.ImageStim'>, anchor=('center', 'center'), autoLog=True, color=array([1, 1, 1]), colorSpace='rgb', contrast=1.0, depth=0.0, flipHoriz=False, flipVert=False, image='sin', interpolate=True, mask=None, maskParams=None, name='image', opacity=1.0, ori=0.0, pos=array([0., 0.]), size=array([0.5, 0.5]), texRes=128.0, units='height', win=Window(...))
15.4755 	EXP 	Created text_5 = TextStim(__class__=<class 'psychopy.visual.text.TextStim'>, alignHoriz=method-wrapper(...), alignText='center', alignVert=method-wrapper(...), anchorHoriz='center', anchorVert='center', antialias=True, autoDraw=False, autoLog=True, bold=False, color=array([1, 1, 1]), colorSpace='rgb', contrast=1.0, depth=-1.0, flipHoriz=False, flipVert=False, font='Open Sans', fontFiles=[], height=0.05, italic=False, languageStyle='LTR', name='text_5', opacity=1.0, ori=0.0, pos=array([0.  , 0.35]), rgb=UNKNOWN, text='Please find this object', units='height', win=Window(...), wrapWidth=1)
15.4824 	EXP 	window1: mouseVisible = True
15.4893 	EXP 	window1: mouseVisible = True
15.4901 	EXP 	Created text_3 = TextStim(__class__=<class 'psychopy.visual.text.TextStim'>, alignHoriz=method-wrapper(...), alignText='center', alignVert=method-wrapper(...), anchorHoriz='center', anchorVert='center', antialias=True, autoDraw=False, autoLog=True, bold=False, color=array([1, 1, 1]), colorSpace='rgb', contrast=1.0, depth=0.0, flipHoriz=False, flipVert=False, font='Open Sans', fontFiles=[], height=0.05, italic=False, languageStyle='LTR', name='text_3', opacity=1.0, ori=0.0, pos=array([0., 0.]), rgb=UNKNOWN, text='', units='height', win=Window(...), wrapWidth=1)
15.5073 	WARNING 	t of last frame was 2805.36ms (=1/0)
15.5073 	EXP 	text: autoDraw = True
15.5485 	WARNING 	t of last frame was 22.12ms (=1/45)
15.5846 	WARNING 	t of last frame was 22.47ms (=1/44)
15.6200 	WARNING 	t of last frame was 21.62ms (=1/46)
15.6561 	WARNING 	Multiple dropped frames have occurred - I'll stop bothering you about them!
18.5316 	EXP 	text: autoDraw = False
18.5316 	EXP 	text_2: autoDraw = True
20.1929 	DATA 	Mouse: Left button down, pos=(593,298)
20.1941 	DATA 	Mouse:  Left button up, pos=(593,298)
20.3386 	DATA 	Mouse: Left button down, pos=(593,298)
20.3392 	DATA 	Mouse:  Left button up, pos=(593,298)
23.1205 	DATA 	Mouse: Left button down, pos=(540,312)
23.1254 	EXP 	Created sequence: random, trialTypes=1, nReps=0, seed=None
23.1283 	EXP 	Created sequence: random, trialTypes=1, nReps=1, seed=None
23.1286 	EXP 	New trial (rep=0, index=0): None
23.1404 	EXP 	Imported LandmarkTrav_Stimuli.xlsx as conditions, 12 conditions, 2 params
23.1409 	EXP 	Created sequence: sequential, trialTypes=12, nReps=1, seed=None
23.1414 	EXP 	New trial (rep=0, index=0): {'imageL': 'TravImages/Landmark1_book.jpeg', 'imageU': 'TravImages/Landmark7_painting.jpeg'}
23.9518 	DATA 	Mouse:  Left button up, pos=(540,312)
23.9527 	DATA 	Mouse: Left button down, pos=(540,312)
23.9532 	DATA 	Mouse:  Left button up, pos=(540,312)
23.9951 	EXP 	text_2: autoDraw = False
23.9951 	EXP 	image: image = 'TravImages/Landmark7_painting.jpeg'
23.9951 	EXP 	image: autoDraw = True
23.9951 	EXP 	text_5: autoDraw = True
32.8829 	DATA 	Mouse: Left button down, pos=(668,122)
32.8834 	DATA 	Mouse:  Left button up, pos=(668,122)
33.0355 	DATA 	Mouse: Left button down, pos=(668,122)
33.0366 	DATA 	Mouse:  Left button up, pos=(668,122)
34.3164 	DATA 	Mouse: Left button down, pos=(714,104)
34.3169 	DATA 	Mouse:  Left button up, pos=(714,104)
34.5126 	DATA 	Mouse: Left button down, pos=(714,104)
34.5140 	DATA 	Mouse:  Left button up, pos=(714,104)
34.9582 	DATA 	Mouse: Left button down, pos=(714,104)
34.9619 	EXP 	New trial (rep=0, index=1): {'imageL': 'TravImages/Landmark2_painting.jpeg', 'imageU': 'TravImages/Landmark8_painting.jpeg'}
35.3741 	DATA 	Mouse:  Left button up, pos=(714,104)
35.3746 	DATA 	Mouse: Left button down, pos=(714,104)
35.3751 	DATA 	Mouse:  Left button up, pos=(714,104)
35.3953 	EXP 	image: autoDraw = False
35.3953 	EXP 	text_5: autoDraw = False
35.3953 	EXP 	image: image = 'TravImages/Landmark8_painting.jpeg'
35.3953 	EXP 	image: autoDraw = True
35.3953 	EXP 	text_5: autoDraw = True
35.8909 	DATA 	Mouse: Left button down, pos=(714,104)
35.8951 	EXP 	New trial (rep=0, index=2): {'imageL': 'TravImages/Landmark3_waterfountain.jpeg', 'imageU': 'TravImages/Landmark9_painting.jpeg'}
36.3132 	DATA 	Mouse:  Left button up, pos=(714,104)
36.3138 	DATA 	Mouse: Left button down, pos=(714,104)
36.3144 	DATA 	Mouse:  Left button up, pos=(714,104)
36.3149 	DATA 	Mouse: Left button down, pos=(714,104)
36.3437 	EXP 	image: autoDraw = False
36.3437 	EXP 	text_5: autoDraw = False
36.3437 	EXP 	image: image = 'TravImages/Landmark9_painting.jpeg'
36.3437 	EXP 	image: autoDraw = True
36.3437 	EXP 	text_5: autoDraw = True
36.3714 	DATA 	Mouse:  Left button up, pos=(714,104)
36.4509 	DATA 	Mouse: Left button down, pos=(714,104)
36.4725 	EXP 	New trial (rep=0, index=3): {'imageL': 'TravImages/Landmark4_vase.jpeg', 'imageU': 'TravImages/Landmark10_statue.jpeg'}
36.8245 	DATA 	Mouse:  Left button up, pos=(714,104)
36.8251 	DATA 	Mouse: Left button down, pos=(714,104)
36.8256 	DATA 	Mouse:  Left button up, pos=(714,104)
36.8263 	DATA 	Mouse: Left button down, pos=(714,104)
36.8471 	EXP 	image: autoDraw = False
36.8471 	EXP 	text_5: autoDraw = False
36.8471 	EXP 	image: image = 'TravImages/Landmark10_statue.jpeg'
36.8471 	EXP 	image: autoDraw = True
36.8471 	EXP 	text_5: autoDraw = True
36.9408 	DATA 	Mouse:  Left button up, pos=(714,104)
37.0091 	DATA 	Mouse: Left button down, pos=(714,104)
37.0125 	EXP 	New trial (rep=0, index=4): {'imageL': 'TravImages/Landmark5_painting.jpeg', 'imageU': 'TravImages/Landmark11_painting.jpeg'}
37.4665 	DATA 	Mouse:  Left button up, pos=(714,104)
37.4669 	DATA 	Mouse: Left button down, pos=(714,104)
37.4675 	DATA 	Mouse:  Left button up, pos=(714,104)
37.4682 	DATA 	Mouse: Left button down, pos=(714,104)
37.4921 	EXP 	image: autoDraw = False
37.4921 	EXP 	text_5: autoDraw = False
37.4921 	EXP 	image: image = 'TravImages/Landmark11_painting.jpeg'
37.4921 	EXP 	image: autoDraw = True
37.4921 	EXP 	text_5: autoDraw = True
37.4963 	DATA 	Mouse:  Left button up, pos=(714,104)
37.5748 	DATA 	Mouse: Left button down, pos=(714,104)
37.5765 	EXP 	New trial (rep=0, index=5): {'imageL': 'TravImages/Landmark6_map.jpeg', 'imageU': 'TravImages/Landmark12_statue.jpeg'}
38.0024 	DATA 	Mouse:  Left button up, pos=(714,104)
38.0030 	DATA 	Mouse: Left button down, pos=(714,104)
38.0035 	DATA 	Mouse:  Left button up, pos=(714,104)
38.0040 	DATA 	Mouse: Left button down, pos=(714,104)
38.0334 	EXP 	image: autoDraw = False
38.0334 	EXP 	text_5: autoDraw = False
38.0334 	EXP 	image: image = 'TravImages/Landmark12_statue.jpeg'
38.0334 	EXP 	image: autoDraw = True
38.0334 	EXP 	text_5: autoDraw = True
38.0822 	DATA 	Mouse:  Left button up, pos=(714,104)
38.1349 	DATA 	Mouse: Left button down, pos=(714,104)
38.1368 	EXP 	New trial (rep=0, index=6): {'imageL': 'TravImages/Landmark7_painting.jpeg', 'imageU': 'TravImages/Landmark1_book.jpeg'}
38.5869 	DATA 	Mouse:  Left button up, pos=(714,104)
38.5874 	DATA 	Mouse: Left button down, pos=(714,104)
38.5880 	DATA 	Mouse:  Left button up, pos=(714,104)
38.5886 	DATA 	Mouse: Left button down, pos=(714,104)
38.5907 	EXP 	New trial (rep=0, index=7): {'imageL': 'TravImages/Landmark8_painting.jpeg', 'imageU': 'TravImages/Landmark2_painting.jpeg'}
39.0438 	DATA 	Mouse:  Left button up, pos=(714,104)
39.0443 	DATA 	Mouse: Left button down, pos=(714,104)
39.0448 	DATA 	Mouse:  Left button up, pos=(714,104)
39.0455 	DATA 	Mouse: Left button down, pos=(714,104)
39.0524 	DATA 	Mouse:  Left button up, pos=(714,104)
39.0794 	EXP 	image: autoDraw = False
39.0794 	EXP 	text_5: autoDraw = False
39.0794 	EXP 	image: image = 'TravImages/Landmark1_book.jpeg'
39.0794 	EXP 	image: autoDraw = True
39.0794 	EXP 	text_5: autoDraw = True
39.0794 	EXP 	image: autoDraw = False
39.0794 	EXP 	text_5: autoDraw = False
39.0794 	EXP 	image: image = 'TravImages/Landmark2_painting.jpeg'
39.0794 	EXP 	image: autoDraw = True
39.0794 	EXP 	text_5: autoDraw = True
39.1363 	DATA 	Mouse: Left button down, pos=(714,104)
39.1583 	EXP 	New trial (rep=0, index=8): {'imageL': 'TravImages/Landmark9_painting.jpeg', 'imageU': 'TravImages/Landmark3_waterfountain.jpeg'}
39.5054 	DATA 	Mouse:  Left button up, pos=(714,104)
39.5060 	DATA 	Mouse: Left button down, pos=(714,104)
39.5066 	DATA 	Mouse:  Left button up, pos=(714,104)
39.5326 	EXP 	image: autoDraw = False
39.5326 	EXP 	text_5: autoDraw = False
39.5326 	EXP 	image: image = 'TravImages/Landmark3_waterfountain.jpeg'
39.5326 	EXP 	image: autoDraw = True
39.5326 	EXP 	text_5: autoDraw = True
39.5335 	DATA 	Mouse: Left button down, pos=(714,104)
39.5357 	EXP 	New trial (rep=0, index=9): {'imageL': 'TravImages/Landmark10_statue.jpeg', 'imageU': 'TravImages/Landmark4_vase.jpeg'}
39.8841 	DATA 	Mouse:  Left button up, pos=(714,104)
39.8848 	DATA 	Mouse: Left button down, pos=(714,104)
39.8853 	DATA 	Mouse:  Left button up, pos=(714,104)
39.9095 	EXP 	image: autoDraw = False
39.9095 	EXP 	text_5: autoDraw = False
39.9095 	EXP 	image: image = 'TravImages/Landmark4_vase.jpeg'
39.9095 	EXP 	image: autoDraw = True
39.9095 	EXP 	text_5: autoDraw = True
39.9139 	DATA 	Mouse: Left button down, pos=(714,104)
39.9163 	EXP 	New trial (rep=0, index=10): {'imageL': 'TravImages/Landmark11_painting.jpeg', 'imageU': 'TravImages/Landmark5_painting.jpeg'}
40.3218 	DATA 	Mouse:  Left button up, pos=(714,104)
40.3223 	DATA 	Mouse: Left button down, pos=(714,104)
40.3484 	EXP 	image: autoDraw = False
40.3484 	EXP 	text_5: autoDraw = False
40.3484 	EXP 	image: image = 'TravImages/Landmark5_painting.jpeg'
40.3484 	EXP 	image: autoDraw = True
40.3484 	EXP 	text_5: autoDraw = True
40.3767 	DATA 	Mouse:  Left button up, pos=(714,104)
40.4534 	DATA 	Mouse: Left button down, pos=(714,104)
40.4560 	EXP 	New trial (rep=0, index=11): {'imageL': 'TravImages/Landmark12_statue.jpeg', 'imageU': 'TravImages/Landmark6_map.jpeg'}
40.8598 	DATA 	Mouse:  Left button up, pos=(714,104)
40.8605 	DATA 	Mouse: Left button down, pos=(714,104)
40.8611 	DATA 	Mouse:  Left button up, pos=(714,104)
40.8616 	DATA 	Mouse: Left button down, pos=(714,104)
40.8906 	EXP 	image: autoDraw = False
40.8906 	EXP 	text_5: autoDraw = False
40.8906 	EXP 	image: image = 'TravImages/Landmark6_map.jpeg'
40.8906 	EXP 	image: autoDraw = True
40.8906 	EXP 	text_5: autoDraw = True
40.8920 	DATA 	Mouse:  Left button up, pos=(714,104)
41.5689 	DATA 	Mouse: Left button down, pos=(714,104)
41.5910 	EXP 	image: autoDraw = False
41.5910 	EXP 	text_5: autoDraw = False
41.5910 	EXP 	text_3: height = 0.05
41.5910 	EXP 	text_3: height = 0.05
41.5910 	EXP 	text_3: height = 0.05
41.5910 	EXP 	text_3: text = 'Thank you for participating in the SEAL Landmark Traversal Task'
41.5910 	EXP 	text_3: autoDraw = True
41.6926 	DATA 	Mouse:  Left button up, pos=(714,104)
41.7600 	DATA 	Mouse: Left button down, pos=(714,104)
41.8433 	DATA 	Mouse:  Left button up, pos=(714,104)
44.5971 	EXP 	text_3: autoDraw = False
45.1570 	EXP 	window1: mouseVisible = True
