1.4139 	WARNING 	We strongly recommend you activate the PTB sound engine in PsychoPy prefs as the preferred audio engine. Its timing is vastly superior. Your prefs are currently set to use ['sounddevice', 'PTB', 'pyo', 'pygame'] (in that order).
4.0441 	WARNING 	User requested fullscreen with size [1024  768], but screen is actually [2880, 1920]. Using actual size
5.6016 	EXP 	Created window1 = Window(allowGUI=True, allowStencil=False, autoLog=True, backendConf=UNKNOWN, bitsMode=UNKNOWN, blendMode='avg', bpc=(8, 8, 8), color=array([0, 0, 0]), colorSpace='rgb', depthBits=8, fullscr=<method-wrapper '__getattribute__' of attributeSetter object at 0x0000022C7D7F5040>, gamma=None, gammaErrorPolicy='raise', lms=UNKNOWN, monitor=<psychopy.monitors.calibTools.Monitor object at 0x0000022C002454C0>, multiSample=False, name='window1', numSamples=2, pos=(0, 0), screen=0, size=array([2880, 1920]), stencilBits=0, stereo=False, units='height', useFBO=True, useRetina=False, viewOri=0.0, viewPos=None, viewScale=None, waitBlanking=True, winType='pyglet')
5.6019 	EXP 	window1: mouseVisible = True
5.6021 	EXP 	window1: mouseVisible = False
5.6022 	EXP 	window1: Attempting to measure frame rate of screen (0) ...
5.6022 	EXP 	window1: recordFrameIntervals = False
5.7668 	EXP 	window1: recordFrameIntervals = True
5.9503 	EXP 	Screen (0) actual frame rate measured at 59.96Hz
5.9503 	EXP 	window1: recordFrameIntervals = False
7.7000 	EXP 	Created text = TextStim(__class__=<class 'psychopy.visual.text.TextStim'>, alignHoriz=method-wrapper(...), alignText='center', alignVert=method-wrapper(...), anchorHoriz='center', anchorVert='center', antialias=True, autoDraw=False, autoLog=True, bold=False, color=array([1, 1, 1]), colorSpace='rgb', contrast=1.0, depth=0.0, flipHoriz=False, flipVert=False, font='Open Sans', fontFiles=[], height=0.05, italic=False, languageStyle='LTR', name='text', opacity=1.0, ori=0.0, pos=array([0., 0.]), rgb=UNKNOWN, text='Welcome to the SEAL Landmark Traversal Task', units='height', win=Window(...), wrapWidth=1)
7.7186 	EXP 	Created text_2 = TextStim(__class__=<class 'psychopy.visual.text.TextStim'>, alignHoriz=method-wrapper(...), alignText='center', alignVert=method-wrapper(...), anchorHoriz='center', anchorVert='center', antialias=True, autoDraw=False, autoLog=True, bold=False, color=array([1, 1, 1]), colorSpace='rgb', contrast=1.0, depth=0.0, flipHoriz=False, flipVert=False, font='Open Sans', fontFiles=[], height=0.05, italic=False, languageStyle='LTR', name='text_2', opacity=1.0, ori=0.0, pos=array([0., 0.]), rgb=UNKNOWN, text=str(...), units='height', win=Window(...), wrapWidth=1)
7.7284 	EXP 	Created Landmark = ImageStim(__class__=<class 'psychopy.visual.image.ImageStim'>, anchor=('center', 'center'), autoLog=True, color=array([1, 1, 1]), colorSpace='rgb', contrast=1.0, depth=0.0, flipHoriz=False, flipVert=False, image='sin', interpolate=True, mask=None, maskParams=None, name='Landmark', opacity=1.0, ori=0.0, pos=array([0., 0.]), size=array([0.5, 0.5]), texRes=128.0, units='height', win=Window(...))
7.7332 	EXP 	Created text_4 = TextStim(__class__=<class 'psychopy.visual.text.TextStim'>, alignHoriz=method-wrapper(...), alignText='center', alignVert=method-wrapper(...), anchorHoriz='center', anchorVert='center', antialias=True, autoDraw=False, autoLog=True, bold=False, color=array([1, 1, 1]), colorSpace='rgb', contrast=1.0, depth=-1.0, flipHoriz=False, flipVert=False, font='Open Sans', fontFiles=[], height=0.05, italic=False, languageStyle='LTR', name='text_4', opacity=1.0, ori=0.0, pos=array([0.  , 0.35]), rgb=UNKNOWN, text='Please find this object\n\n', units='height', win=Window(...), wrapWidth=1)
7.7704 	EXP 	window1: mouseVisible = True
7.8022 	EXP 	window1: mouseVisible = True
7.8028 	EXP 	Created text_3 = TextStim(__class__=<class 'psychopy.visual.text.TextStim'>, alignHoriz=method-wrapper(...), alignText='center', alignVert=method-wrapper(...), anchorHoriz='center', anchorVert='center', antialias=True, autoDraw=False, autoLog=True, bold=False, color=array([1, 1, 1]), colorSpace='rgb', contrast=1.0, depth=0.0, flipHoriz=False, flipVert=False, font='Open Sans', fontFiles=[], height=0.05, italic=False, languageStyle='LTR', name='text_3', opacity=1.0, ori=0.0, pos=array([0., 0.]), rgb=UNKNOWN, text='', units='height', win=Window(...), wrapWidth=1)
7.8142 	EXP 	text: autoDraw = True
10.8164 	EXP 	text: autoDraw = False
10.8164 	EXP 	text: autoDraw = False
10.8164 	EXP 	text_2: autoDraw = True
11.3536 	DATA 	Keypress: space
11.3803 	EXP 	Imported LandmarkTrav_Stimuli.xlsx as conditions, 12 conditions, 1 params
11.3808 	EXP 	Created sequence: sequential, trialTypes=12, nReps=1, seed=None
11.3811 	EXP 	New trial (rep=0, index=0): {'image': 'TravImages/Landmark1_book.jpeg'}
11.8928 	EXP 	text_2: autoDraw = False
11.8928 	EXP 	Landmark: image = 'TravImages/Landmark1_book.jpeg'
11.8928 	EXP 	Landmark: autoDraw = True
11.8928 	EXP 	text_4: autoDraw = True
15.6222 	DATA 	Mouse: Left button down, pos=(422,491)
15.6224 	DATA 	Mouse:  Left button up, pos=(422,491)
16.7679 	DATA 	Mouse: Left button down, pos=(1054,186)
16.7688 	DATA 	Mouse:  Left button up, pos=(1054,186)
18.1429 	DATA 	Mouse: Left button down, pos=(1075,194)
18.1435 	DATA 	Mouse:  Left button up, pos=(1075,194)
19.0018 	DATA 	Mouse: Left button down, pos=(1037,196)
19.0028 	DATA 	Mouse:  Left button up, pos=(1037,196)
19.0664 	DATA 	Mouse: Left button down, pos=(1037,196)
19.0696 	EXP 	New trial (rep=0, index=1): {'image': 'TravImages/Landmark2_painting.jpeg'}
19.5276 	DATA 	Mouse:  Left button up, pos=(1049,199)
19.6961 	EXP 	Landmark: autoDraw = False
19.6961 	EXP 	text_4: autoDraw = False
19.6961 	EXP 	Landmark: image = 'TravImages/Landmark2_painting.jpeg'
19.6961 	EXP 	Landmark: autoDraw = True
19.6961 	EXP 	text_4: autoDraw = True
20.7827 	DATA 	Mouse: Left button down, pos=(1822,196)
20.7830 	DATA 	Mouse:  Left button up, pos=(1822,196)
20.8718 	DATA 	Mouse: Left button down, pos=(1822,196)
20.8813 	EXP 	New trial (rep=0, index=2): {'image': 'TravImages/Landmark3_WaterFountain.jpeg'}
21.6604 	DATA 	Mouse:  Left button up, pos=(1821,202)
21.6807 	EXP 	Landmark: autoDraw = False
21.6807 	EXP 	text_4: autoDraw = False
21.6807 	EXP 	Landmark: image = 'TravImages/Landmark3_WaterFountain.jpeg'
21.6807 	EXP 	Landmark: autoDraw = True
21.6807 	EXP 	text_4: autoDraw = True
22.4770 	DATA 	Mouse: Left button down, pos=(918,239)
22.4771 	DATA 	Mouse:  Left button up, pos=(918,239)
22.7640 	DATA 	Mouse: Left button down, pos=(975,237)
22.7647 	DATA 	Mouse:  Left button up, pos=(975,237)
24.1679 	DATA 	Mouse: Left button down, pos=(1016,201)
24.1681 	DATA 	Mouse:  Left button up, pos=(1016,201)
24.2194 	DATA 	Mouse: Left button down, pos=(1016,201)
24.2215 	EXP 	New trial (rep=0, index=3): {'image': 'TravImages/Landmark4_vase.jpeg'}
24.6100 	DATA 	Mouse:  Left button up, pos=(1011,221)
24.6284 	EXP 	Landmark: autoDraw = False
24.6284 	EXP 	text_4: autoDraw = False
24.6284 	EXP 	Landmark: image = 'TravImages/Landmark4_vase.jpeg'
24.6284 	EXP 	Landmark: autoDraw = True
24.6284 	EXP 	text_4: autoDraw = True
25.4253 	DATA 	Mouse: Left button down, pos=(1059,162)
25.4255 	DATA 	Mouse:  Left button up, pos=(1059,162)
25.5395 	DATA 	Mouse: Left button down, pos=(1059,162)
25.5425 	EXP 	New trial (rep=0, index=4): {'image': 'TravImages/Landmark5_painting.jpeg'}
26.2441 	DATA 	Mouse:  Left button up, pos=(1058,165)
26.2626 	EXP 	Landmark: autoDraw = False
26.2626 	EXP 	text_4: autoDraw = False
26.2626 	EXP 	Landmark: image = 'TravImages/Landmark5_painting.jpeg'
26.2626 	EXP 	Landmark: autoDraw = True
26.2626 	EXP 	text_4: autoDraw = True
27.1682 	DATA 	Mouse: Left button down, pos=(1040,192)
27.1693 	DATA 	Mouse:  Left button up, pos=(1040,192)
27.2636 	DATA 	Mouse: Left button down, pos=(1040,192)
27.2748 	EXP 	New trial (rep=0, index=5): {'image': 'TravImages/Landmark6_map.jpeg'}
27.6791 	DATA 	Mouse:  Left button up, pos=(1050,191)
27.8119 	EXP 	Landmark: autoDraw = False
27.8119 	EXP 	text_4: autoDraw = False
27.8119 	EXP 	Landmark: image = 'TravImages/Landmark6_map.jpeg'
27.8119 	EXP 	Landmark: autoDraw = True
27.8119 	EXP 	text_4: autoDraw = True
28.3677 	DATA 	Mouse: Left button down, pos=(1048,191)
28.3686 	DATA 	Mouse:  Left button up, pos=(1048,191)
28.4726 	DATA 	Mouse: Left button down, pos=(1048,191)
28.4751 	EXP 	New trial (rep=0, index=6): {'image': 'TravImages/Landmark7_painting.jpeg'}
28.8762 	DATA 	Mouse:  Left button up, pos=(1034,197)
28.9973 	EXP 	Landmark: autoDraw = False
28.9973 	EXP 	text_4: autoDraw = False
28.9973 	EXP 	Landmark: image = 'TravImages/Landmark7_painting.jpeg'
28.9973 	EXP 	Landmark: autoDraw = True
28.9973 	EXP 	text_4: autoDraw = True
29.5425 	DATA 	Mouse: Left button down, pos=(1013,161)
29.5430 	DATA 	Mouse:  Left button up, pos=(1013,161)
29.6723 	DATA 	Mouse: Left button down, pos=(1013,161)
29.6841 	EXP 	New trial (rep=0, index=7): {'image': 'TravImages/Landmark8_painting.jpeg'}
30.0205 	DATA 	Mouse:  Left button up, pos=(1006,166)
30.1415 	EXP 	Landmark: autoDraw = False
30.1415 	EXP 	text_4: autoDraw = False
30.1415 	EXP 	Landmark: image = 'TravImages/Landmark8_painting.jpeg'
30.1415 	EXP 	Landmark: autoDraw = True
30.1415 	EXP 	text_4: autoDraw = True
33.7006 	DATA 	Mouse: Left button down, pos=(1058,243)
33.7014 	DATA 	Mouse:  Left button up, pos=(1058,243)
33.7827 	DATA 	Mouse: Left button down, pos=(1058,243)
33.7919 	EXP 	New trial (rep=0, index=8): {'image': 'TravImages/Landmark9_painting.jpeg'}
34.1109 	DATA 	Mouse:  Left button up, pos=(1049,228)
34.1315 	EXP 	Landmark: autoDraw = False
34.1315 	EXP 	text_4: autoDraw = False
34.1315 	EXP 	Landmark: image = 'TravImages/Landmark9_painting.jpeg'
34.1315 	EXP 	Landmark: autoDraw = True
34.1315 	EXP 	text_4: autoDraw = True
34.5945 	DATA 	Mouse: Left button down, pos=(1038,201)
34.5958 	DATA 	Mouse:  Left button up, pos=(1038,201)
34.6717 	DATA 	Mouse: Left button down, pos=(1038,201)
34.6736 	EXP 	New trial (rep=0, index=9): {'image': 'TravImages/Landmark10_statue.jpeg'}
35.1678 	DATA 	Mouse:  Left button up, pos=(1024,228)
35.1839 	DATA 	Mouse: Left button down, pos=(1023,229)
35.1840 	DATA 	Mouse:  Left button up, pos=(1023,229)
35.3117 	EXP 	Landmark: autoDraw = False
35.3117 	EXP 	text_4: autoDraw = False
35.3117 	EXP 	Landmark: image = 'TravImages/Landmark10_statue.jpeg'
35.3117 	EXP 	Landmark: autoDraw = True
35.3117 	EXP 	text_4: autoDraw = True
35.4076 	DATA 	Mouse: Left button down, pos=(1022,196)
35.4083 	DATA 	Mouse:  Left button up, pos=(1022,196)
35.5532 	DATA 	Mouse: Left button down, pos=(1022,196)
35.5555 	EXP 	New trial (rep=0, index=10): {'image': 'TravImages/Landmark11_painting.jpeg'}
35.8963 	DATA 	Mouse:  Left button up, pos=(999,207)
35.9126 	EXP 	Landmark: autoDraw = False
35.9126 	EXP 	text_4: autoDraw = False
35.9126 	EXP 	Landmark: image = 'TravImages/Landmark11_painting.jpeg'
35.9126 	EXP 	Landmark: autoDraw = True
35.9126 	EXP 	text_4: autoDraw = True
36.1125 	DATA 	Mouse: Left button down, pos=(1001,209)
36.1128 	DATA 	Mouse:  Left button up, pos=(1001,209)
36.2531 	DATA 	Mouse: Left button down, pos=(1001,209)
36.2548 	EXP 	New trial (rep=0, index=11): {'image': 'TravImages/Landmark12_statue.jpeg'}
36.5463 	DATA 	Mouse:  Left button up, pos=(1015,203)
36.5655 	DATA 	Mouse: Left button down, pos=(1023,192)
36.5656 	DATA 	Mouse:  Left button up, pos=(1023,192)
36.6747 	EXP 	Landmark: autoDraw = False
36.6747 	EXP 	text_4: autoDraw = False
36.6747 	EXP 	Landmark: image = 'TravImages/Landmark12_statue.jpeg'
36.6747 	EXP 	Landmark: autoDraw = True
36.6747 	EXP 	text_4: autoDraw = True
36.6787 	DATA 	Mouse: Left button down, pos=(1023,192)
36.6986 	EXP 	Landmark: autoDraw = False
36.6986 	EXP 	text_4: autoDraw = False
36.6986 	EXP 	text_3: height = 0.05
36.6986 	EXP 	text_3: height = 0.05
36.6986 	EXP 	text_3: height = 0.05
36.6986 	EXP 	text_3: text = 'Thank you for participating in the SEAL Landmark Traversal Task'
36.6986 	EXP 	text_3: autoDraw = True
36.7153 	DATA 	Mouse:  Left button up, pos=(1016,161)
39.6994 	EXP 	text_3: autoDraw = False
39.8668 	EXP 	window1: mouseVisible = True
