1.4671 	WARNING 	We strongly recommend you activate the PTB sound engine in PsychoPy prefs as the preferred audio engine. Its timing is vastly superior. Your prefs are currently set to use ['sounddevice', 'PTB', 'pyo', 'pygame'] (in that order).
4.7297 	WARNING 	User requested fullscreen with size [1024  768], but screen is actually [2880, 1920]. Using actual size
6.3811 	EXP 	Created window1 = Window(allowGUI=True, allowStencil=False, autoLog=True, backendConf=UNKNOWN, bitsMode=UNKNOWN, blendMode='avg', bpc=(8, 8, 8), color=array([0, 0, 0]), colorSpace='rgb', depthBits=8, fullscr=<method-wrapper '__getattribute__' of attributeSetter object at 0x000001EBA91550D0>, gamma=None, gammaErrorPolicy='raise', lms=UNKNOWN, monitor=<psychopy.monitors.calibTools.Monitor object at 0x000001EBA9627460>, multiSample=False, name='window1', numSamples=2, pos=(0, 0), screen=0, size=array([2880, 1920]), stencilBits=0, stereo=False, units='height', useFBO=True, useRetina=False, viewOri=0.0, viewPos=None, viewScale=None, waitBlanking=True, winType='pyglet')
6.3813 	EXP 	window1: mouseVisible = True
6.3815 	EXP 	window1: mouseVisible = False
6.3816 	EXP 	window1: Attempting to measure frame rate of screen (0) ...
6.3816 	EXP 	window1: recordFrameIntervals = False
6.5470 	EXP 	window1: recordFrameIntervals = True
6.7314 	EXP 	Screen (0) actual frame rate measured at 59.99Hz
6.7316 	EXP 	window1: recordFrameIntervals = False
8.3903 	EXP 	Created text = TextStim(__class__=<class 'psychopy.visual.text.TextStim'>, alignHoriz=method-wrapper(...), alignText='center', alignVert=method-wrapper(...), anchorHoriz='center', anchorVert='center', antialias=True, autoDraw=False, autoLog=True, bold=False, color=array([1, 1, 1]), colorSpace='rgb', contrast=1.0, depth=0.0, flipHoriz=False, flipVert=False, font='Open Sans', fontFiles=[], height=0.05, italic=False, languageStyle='LTR', name='text', opacity=1.0, ori=0.0, pos=array([0., 0.]), rgb=UNKNOWN, text='Welcome to the SEAL Landmark Traversal Task', units='height', win=Window(...), wrapWidth=1)
8.4094 	EXP 	Created text_2 = TextStim(__class__=<class 'psychopy.visual.text.TextStim'>, alignHoriz=method-wrapper(...), alignText='center', alignVert=method-wrapper(...), anchorHoriz='center', anchorVert='center', antialias=True, autoDraw=False, autoLog=True, bold=False, color=array([1, 1, 1]), colorSpace='rgb', contrast=1.0, depth=0.0, flipHoriz=False, flipVert=False, font='Open Sans', fontFiles=[], height=0.05, italic=False, languageStyle='LTR', name='text_2', opacity=1.0, ori=0.0, pos=array([0., 0.]), rgb=UNKNOWN, text=str(...), units='height', win=Window(...), wrapWidth=1)
8.4197 	EXP 	Created Landmark = ImageStim(__class__=<class 'psychopy.visual.image.ImageStim'>, anchor=('center', 'center'), autoLog=True, color=array([1, 1, 1]), colorSpace='rgb', contrast=1.0, depth=0.0, flipHoriz=False, flipVert=False, image='sin', interpolate=True, mask=None, maskParams=None, name='Landmark', opacity=1.0, ori=0.0, pos=array([0., 0.]), size=array([0.5, 0.5]), texRes=128.0, units='height', win=Window(...))
8.4240 	EXP 	Created text_4 = TextStim(__class__=<class 'psychopy.visual.text.TextStim'>, alignHoriz=method-wrapper(...), alignText='center', alignVert=method-wrapper(...), anchorHoriz='center', anchorVert='center', antialias=True, autoDraw=False, autoLog=True, bold=False, color=array([1, 1, 1]), colorSpace='rgb', contrast=1.0, depth=-1.0, flipHoriz=False, flipVert=False, font='Open Sans', fontFiles=[], height=0.05, italic=False, languageStyle='LTR', name='text_4', opacity=1.0, ori=0.0, pos=array([0.  , 0.35]), rgb=UNKNOWN, text='Please find this object\n\n', units='height', win=Window(...), wrapWidth=1)
8.4440 	EXP 	window1: mouseVisible = True
8.4614 	EXP 	window1: mouseVisible = True
8.4621 	EXP 	Created text_3 = TextStim(__class__=<class 'psychopy.visual.text.TextStim'>, alignHoriz=method-wrapper(...), alignText='center', alignVert=method-wrapper(...), anchorHoriz='center', anchorVert='center', antialias=True, autoDraw=False, autoLog=True, bold=False, color=array([1, 1, 1]), colorSpace='rgb', contrast=1.0, depth=0.0, flipHoriz=False, flipVert=False, font='Open Sans', fontFiles=[], height=0.05, italic=False, languageStyle='LTR', name='text_3', opacity=1.0, ori=0.0, pos=array([0., 0.]), rgb=UNKNOWN, text='', units='height', win=Window(...), wrapWidth=1)
8.4718 	EXP 	text: autoDraw = True
11.4801 	EXP 	text: autoDraw = False
11.4801 	EXP 	text_2: autoDraw = True
13.4937 	EXP 	Imported LandmarkTrav_Stimuli.xlsx as conditions, 12 conditions, 1 params
13.4942 	EXP 	Created sequence: sequential, trialTypes=12, nReps=1, seed=None
13.4944 	EXP 	New trial (rep=0, index=0): {'image': 'TravImages/Landmark1_book.jpeg'}
13.8516 	DATA 	Keypress: space
13.9359 	EXP 	text_2: autoDraw = False
13.9359 	EXP 	Landmark: image = 'TravImages/Landmark1_book.jpeg'
13.9359 	EXP 	Landmark: autoDraw = True
13.9359 	EXP 	text_4: autoDraw = True
15.8249 	DATA 	Mouse: Left button down, pos=(1046,240)
15.8250 	DATA 	Mouse:  Left button up, pos=(1046,240)
15.9194 	DATA 	Mouse: Left button down, pos=(1046,240)
15.9222 	EXP 	New trial (rep=0, index=1): {'image': 'TravImages/Landmark2_painting.jpeg'}
16.3012 	DATA 	Mouse:  Left button up, pos=(1045,252)
16.4246 	EXP 	Landmark: autoDraw = False
16.4246 	EXP 	text_4: autoDraw = False
16.4246 	EXP 	Landmark: image = 'TravImages/Landmark2_painting.jpeg'
16.4246 	EXP 	Landmark: autoDraw = True
16.4246 	EXP 	text_4: autoDraw = True
17.3402 	DATA 	Mouse: Left button down, pos=(1029,149)
17.3413 	DATA 	Mouse:  Left button up, pos=(1029,149)
17.4409 	DATA 	Mouse: Left button down, pos=(1029,149)
17.4526 	EXP 	New trial (rep=0, index=2): {'image': 'TravImages/Landmark3_WaterFountain.jpeg'}
17.7434 	DATA 	Mouse:  Left button up, pos=(1050,169)
17.7642 	EXP 	Landmark: autoDraw = False
17.7642 	EXP 	text_4: autoDraw = False
17.7642 	EXP 	Landmark: image = 'TravImages/Landmark3_WaterFountain.jpeg'
17.7642 	EXP 	Landmark: autoDraw = True
17.7642 	EXP 	text_4: autoDraw = True
18.3959 	DATA 	Mouse: Left button down, pos=(1836,201)
18.3962 	DATA 	Mouse:  Left button up, pos=(1836,201)
18.5029 	DATA 	Mouse: Left button down, pos=(1836,201)
18.5060 	EXP 	New trial (rep=0, index=3): {'image': 'TravImages/Landmark4_vase.jpeg'}
18.8855 	DATA 	Mouse:  Left button up, pos=(1861,217)
18.9047 	EXP 	Landmark: autoDraw = False
18.9047 	EXP 	text_4: autoDraw = False
18.9047 	EXP 	Landmark: image = 'TravImages/Landmark4_vase.jpeg'
18.9047 	EXP 	Landmark: autoDraw = True
18.9047 	EXP 	text_4: autoDraw = True
19.5649 	DATA 	Mouse: Left button down, pos=(1013,234)
19.5653 	DATA 	Mouse:  Left button up, pos=(1013,234)
19.7209 	DATA 	Mouse: Left button down, pos=(1013,234)
19.7369 	EXP 	New trial (rep=0, index=4): {'image': 'TravImages/Landmark5_painting.jpeg'}
20.2050 	DATA 	Mouse:  Left button up, pos=(1055,235)
20.2241 	EXP 	Landmark: autoDraw = False
20.2241 	EXP 	text_4: autoDraw = False
20.2241 	EXP 	Landmark: image = 'TravImages/Landmark5_painting.jpeg'
20.2241 	EXP 	Landmark: autoDraw = True
20.2241 	EXP 	text_4: autoDraw = True
20.6745 	DATA 	Mouse: Left button down, pos=(1828,234)
20.6752 	DATA 	Mouse:  Left button up, pos=(1828,234)
20.7695 	DATA 	Mouse: Left button down, pos=(1828,234)
20.7720 	EXP 	New trial (rep=0, index=5): {'image': 'TravImages/Landmark6_map.jpeg'}
21.2198 	DATA 	Mouse:  Left button up, pos=(1854,254)
21.3474 	EXP 	Landmark: autoDraw = False
21.3474 	EXP 	text_4: autoDraw = False
21.3474 	EXP 	Landmark: image = 'TravImages/Landmark6_map.jpeg'
21.3474 	EXP 	Landmark: autoDraw = True
21.3474 	EXP 	text_4: autoDraw = True
21.9237 	DATA 	Mouse: Left button down, pos=(1869,236)
21.9238 	DATA 	Mouse:  Left button up, pos=(1869,236)
22.0544 	DATA 	Mouse: Left button down, pos=(1869,236)
22.0571 	EXP 	New trial (rep=0, index=6): {'image': 'TravImages/Landmark7_painting.jpeg'}
22.4343 	DATA 	Mouse:  Left button up, pos=(1885,243)
22.5561 	EXP 	Landmark: autoDraw = False
22.5561 	EXP 	text_4: autoDraw = False
22.5561 	EXP 	Landmark: image = 'TravImages/Landmark7_painting.jpeg'
22.5561 	EXP 	Landmark: autoDraw = True
22.5561 	EXP 	text_4: autoDraw = True
23.0238 	DATA 	Mouse: Left button down, pos=(1877,227)
23.0240 	DATA 	Mouse:  Left button up, pos=(1877,227)
23.1245 	DATA 	Mouse: Left button down, pos=(1877,227)
23.1362 	EXP 	New trial (rep=0, index=7): {'image': 'TravImages/Landmark8_painting.jpeg'}
23.5287 	DATA 	Mouse:  Left button up, pos=(1890,212)
23.6486 	EXP 	Landmark: autoDraw = False
23.6486 	EXP 	text_4: autoDraw = False
23.6486 	EXP 	Landmark: image = 'TravImages/Landmark8_painting.jpeg'
23.6486 	EXP 	Landmark: autoDraw = True
23.6486 	EXP 	text_4: autoDraw = True
24.2900 	DATA 	Mouse: Left button down, pos=(1069,242)
24.2902 	DATA 	Mouse:  Left button up, pos=(1069,242)
24.4175 	DATA 	Mouse: Left button down, pos=(1069,242)
24.4189 	EXP 	New trial (rep=0, index=8): {'image': 'TravImages/Landmark9_painting.jpeg'}
24.8768 	DATA 	Mouse:  Left button up, pos=(1116,223)
24.8987 	EXP 	Landmark: autoDraw = False
24.8987 	EXP 	text_4: autoDraw = False
24.8987 	EXP 	Landmark: image = 'TravImages/Landmark9_painting.jpeg'
24.8987 	EXP 	Landmark: autoDraw = True
24.8987 	EXP 	text_4: autoDraw = True
25.6061 	DATA 	Mouse: Left button down, pos=(1071,244)
25.6063 	DATA 	Mouse:  Left button up, pos=(1071,244)
25.7970 	DATA 	Mouse: Left button down, pos=(1071,244)
25.8063 	EXP 	New trial (rep=0, index=9): {'image': 'TravImages/Landmark10_statue.jpeg'}
26.2401 	DATA 	Mouse:  Left button up, pos=(1088,214)
26.3899 	EXP 	Landmark: autoDraw = False
26.3899 	EXP 	text_4: autoDraw = False
26.3899 	EXP 	Landmark: image = 'TravImages/Landmark10_statue.jpeg'
26.3899 	EXP 	Landmark: autoDraw = True
26.3899 	EXP 	text_4: autoDraw = True
26.7724 	DATA 	Mouse: Left button down, pos=(1064,218)
26.7726 	DATA 	Mouse:  Left button up, pos=(1064,218)
26.9042 	DATA 	Mouse: Left button down, pos=(1064,218)
26.9069 	EXP 	New trial (rep=0, index=10): {'image': 'TravImages/Landmark11_painting.jpeg'}
27.2510 	DATA 	Mouse:  Left button up, pos=(1066,206)
27.2721 	EXP 	Landmark: autoDraw = False
27.2721 	EXP 	text_4: autoDraw = False
27.2721 	EXP 	Landmark: image = 'TravImages/Landmark11_painting.jpeg'
27.2721 	EXP 	Landmark: autoDraw = True
27.2721 	EXP 	text_4: autoDraw = True
27.8241 	DATA 	Mouse: Left button down, pos=(1045,194)
27.8243 	DATA 	Mouse:  Left button up, pos=(1045,194)
27.9360 	DATA 	Mouse: Left button down, pos=(1045,194)
27.9384 	EXP 	New trial (rep=0, index=11): {'image': 'TravImages/Landmark12_statue.jpeg'}
28.5712 	DATA 	Mouse:  Left button up, pos=(1046,191)
28.7018 	EXP 	Landmark: autoDraw = False
28.7018 	EXP 	text_4: autoDraw = False
28.7018 	EXP 	Landmark: image = 'TravImages/Landmark12_statue.jpeg'
28.7018 	EXP 	Landmark: autoDraw = True
28.7018 	EXP 	text_4: autoDraw = True
29.1375 	DATA 	Mouse: Left button down, pos=(1013,246)
29.1377 	DATA 	Mouse:  Left button up, pos=(1013,246)
29.2536 	DATA 	Mouse: Left button down, pos=(1013,246)
29.2741 	EXP 	Landmark: autoDraw = False
29.2741 	EXP 	text_4: autoDraw = False
29.2741 	EXP 	text_3: height = 0.05
29.2741 	EXP 	text_3: height = 0.05
29.2741 	EXP 	text_3: height = 0.05
29.2741 	EXP 	text_3: text = 'Thank you for participating in the SEAL Landmark Traversal Task'
29.2741 	EXP 	text_3: autoDraw = True
29.3007 	DATA 	Mouse:  Left button up, pos=(1018,241)
32.2800 	EXP 	text_3: autoDraw = False
32.4871 	EXP 	window1: mouseVisible = True
