1.4028 	WARNING 	We strongly recommend you activate the PTB sound engine in PsychoPy prefs as the preferred audio engine. Its timing is vastly superior. Your prefs are currently set to use ['sounddevice', 'PTB', 'pyo', 'pygame'] (in that order).
6.3781 	WARNING 	User requested fullscreen with size [1024  768], but screen is actually [2880, 1920]. Using actual size
7.9354 	EXP 	Created window1 = Window(allowGUI=True, allowStencil=False, autoLog=True, backendConf=UNKNOWN, bitsMode=UNKNOWN, blendMode='avg', bpc=(8, 8, 8), color=array([0, 0, 0]), colorSpace='rgb', depthBits=8, fullscr=<method-wrapper '__getattribute__' of attributeSetter object at 0x00000265FAAD50D0>, gamma=None, gammaErrorPolicy='raise', lms=UNKNOWN, monitor=<psychopy.monitors.calibTools.Monitor object at 0x00000265FAFA8520>, multiSample=False, name='window1', numSamples=2, pos=(0, 0), screen=0, size=array([2880, 1920]), stencilBits=0, stereo=False, units='height', useFBO=True, useRetina=False, viewOri=0.0, viewPos=None, viewScale=None, waitBlanking=True, winType='pyglet')
7.9356 	EXP 	window1: mouseVisible = True
7.9359 	EXP 	window1: mouseVisible = False
7.9359 	EXP 	window1: Attempting to measure frame rate of screen (0) ...
7.9359 	EXP 	window1: recordFrameIntervals = False
8.1011 	EXP 	window1: recordFrameIntervals = True
8.2849 	EXP 	Screen (0) actual frame rate measured at 59.94Hz
8.2850 	EXP 	window1: recordFrameIntervals = False
10.0507 	EXP 	Created text = TextStim(__class__=<class 'psychopy.visual.text.TextStim'>, alignHoriz=method-wrapper(...), alignText='center', alignVert=method-wrapper(...), anchorHoriz='center', anchorVert='center', antialias=True, autoDraw=False, autoLog=True, bold=False, color=array([1, 1, 1]), colorSpace='rgb', contrast=1.0, depth=0.0, flipHoriz=False, flipVert=False, font='Open Sans', fontFiles=[], height=0.05, italic=False, languageStyle='LTR', name='text', opacity=1.0, ori=0.0, pos=array([0., 0.]), rgb=UNKNOWN, text='Welcome to the SEAL Landmark Traversal Task', units='height', win=Window(...), wrapWidth=1)
10.0695 	EXP 	Created text_2 = TextStim(__class__=<class 'psychopy.visual.text.TextStim'>, alignHoriz=method-wrapper(...), alignText='center', alignVert=method-wrapper(...), anchorHoriz='center', anchorVert='center', antialias=True, autoDraw=False, autoLog=True, bold=False, color=array([1, 1, 1]), colorSpace='rgb', contrast=1.0, depth=0.0, flipHoriz=False, flipVert=False, font='Open Sans', fontFiles=[], height=0.05, italic=False, languageStyle='LTR', name='text_2', opacity=1.0, ori=0.0, pos=array([0., 0.]), rgb=UNKNOWN, text=str(...), units='height', win=Window(...), wrapWidth=1)
10.0795 	EXP 	Created Landmark = ImageStim(__class__=<class 'psychopy.visual.image.ImageStim'>, anchor=('center', 'center'), autoLog=True, color=array([1, 1, 1]), colorSpace='rgb', contrast=1.0, depth=0.0, flipHoriz=False, flipVert=False, image='sin', interpolate=True, mask=None, maskParams=None, name='Landmark', opacity=1.0, ori=0.0, pos=array([0., 0.]), size=array([0.5, 0.5]), texRes=128.0, units='height', win=Window(...))
10.0829 	EXP 	Created text_4 = TextStim(__class__=<class 'psychopy.visual.text.TextStim'>, alignHoriz=method-wrapper(...), alignText='center', alignVert=method-wrapper(...), anchorHoriz='center', anchorVert='center', antialias=True, autoDraw=False, autoLog=True, bold=False, color=array([1, 1, 1]), colorSpace='rgb', contrast=1.0, depth=-1.0, flipHoriz=False, flipVert=False, font='Open Sans', fontFiles=[], height=0.05, italic=False, languageStyle='LTR', name='text_4', opacity=1.0, ori=0.0, pos=array([0.  , 0.35]), rgb=UNKNOWN, text='Please find this object\n\n', units='height', win=Window(...), wrapWidth=1)
10.1214 	EXP 	window1: mouseVisible = True
10.1531 	EXP 	window1: mouseVisible = True
10.1537 	EXP 	Created text_3 = TextStim(__class__=<class 'psychopy.visual.text.TextStim'>, alignHoriz=method-wrapper(...), alignText='center', alignVert=method-wrapper(...), anchorHoriz='center', anchorVert='center', antialias=True, autoDraw=False, autoLog=True, bold=False, color=array([1, 1, 1]), colorSpace='rgb', contrast=1.0, depth=0.0, flipHoriz=False, flipVert=False, font='Open Sans', fontFiles=[], height=0.05, italic=False, languageStyle='LTR', name='text_3', opacity=1.0, ori=0.0, pos=array([0., 0.]), rgb=UNKNOWN, text='', units='height', win=Window(...), wrapWidth=1)
10.1642 	EXP 	text: autoDraw = True
13.1684 	EXP 	text: autoDraw = False
13.1684 	EXP 	text: autoDraw = False
13.1684 	EXP 	text_2: autoDraw = True
14.3333 	EXP 	Imported LandmarkTrav_Stimuli.xlsx as conditions, 12 conditions, 1 params
14.3338 	EXP 	Created sequence: sequential, trialTypes=12, nReps=1, seed=None
14.3340 	EXP 	New trial (rep=0, index=0): {'image': 'TravImages/Landmark1_book.jpeg'}
14.6830 	DATA 	Keypress: space
14.7733 	EXP 	text_2: autoDraw = False
14.7733 	EXP 	Landmark: image = 'TravImages/Landmark1_book.jpeg'
14.7733 	EXP 	Landmark: autoDraw = True
14.7733 	EXP 	text_4: autoDraw = True
16.1828 	DATA 	Mouse: Left button down, pos=(1211,247)
16.1829 	DATA 	Mouse:  Left button up, pos=(1211,247)
16.8855 	DATA 	Mouse: Left button down, pos=(1175,193)
16.8856 	DATA 	Mouse:  Left button up, pos=(1175,193)
16.9914 	DATA 	Mouse: Left button down, pos=(1175,193)
16.9943 	EXP 	New trial (rep=0, index=1): {'image': 'TravImages/Landmark2_painting.jpeg'}
17.4621 	DATA 	Mouse:  Left button up, pos=(1182,192)
17.5832 	EXP 	Landmark: autoDraw = False
17.5832 	EXP 	text_4: autoDraw = False
17.5832 	EXP 	Landmark: image = 'TravImages/Landmark2_painting.jpeg'
17.5832 	EXP 	Landmark: autoDraw = True
17.5832 	EXP 	text_4: autoDraw = True
18.5997 	DATA 	Mouse: Left button down, pos=(1222,126)
18.5999 	DATA 	Mouse:  Left button up, pos=(1222,126)
18.7242 	DATA 	Mouse: Left button down, pos=(1222,126)
18.7266 	EXP 	New trial (rep=0, index=2): {'image': 'TravImages/Landmark3_WaterFountain.jpeg'}
19.0220 	DATA 	Mouse:  Left button up, pos=(1209,152)
19.0430 	EXP 	Landmark: autoDraw = False
19.0430 	EXP 	text_4: autoDraw = False
19.0430 	EXP 	Landmark: image = 'TravImages/Landmark3_WaterFountain.jpeg'
19.0430 	EXP 	Landmark: autoDraw = True
19.0430 	EXP 	text_4: autoDraw = True
20.2030 	DATA 	Mouse: Left button down, pos=(1187,185)
20.2034 	DATA 	Mouse:  Left button up, pos=(1187,185)
20.2348 	DATA 	Mouse: Left button down, pos=(1187,185)
20.2440 	EXP 	New trial (rep=0, index=3): {'image': 'TravImages/Landmark4_vase.jpeg'}
20.7312 	DATA 	Mouse:  Left button up, pos=(1192,182)
20.7504 	EXP 	Landmark: autoDraw = False
20.7504 	EXP 	text_4: autoDraw = False
20.7504 	EXP 	Landmark: image = 'TravImages/Landmark4_vase.jpeg'
20.7504 	EXP 	Landmark: autoDraw = True
20.7504 	EXP 	text_4: autoDraw = True
21.6151 	DATA 	Mouse: Left button down, pos=(1238,201)
21.6172 	DATA 	Mouse:  Left button up, pos=(1238,201)
25.2855 	DATA 	Mouse: Left button down, pos=(1186,181)
25.2861 	DATA 	Mouse:  Left button up, pos=(1186,181)
25.3738 	DATA 	Mouse: Left button down, pos=(1186,181)
25.3761 	EXP 	New trial (rep=0, index=4): {'image': 'TravImages/Landmark5_painting.jpeg'}
25.7379 	DATA 	Mouse:  Left button up, pos=(1188,185)
25.7558 	EXP 	Landmark: autoDraw = False
25.7558 	EXP 	text_4: autoDraw = False
25.7558 	EXP 	Landmark: image = 'TravImages/Landmark5_painting.jpeg'
25.7558 	EXP 	Landmark: autoDraw = True
25.7558 	EXP 	text_4: autoDraw = True
27.4094 	DATA 	Keypress: escape
28.0393 	EXP 	window1: mouseVisible = True
